2024.01.22 16:38:11 INFO  ce[][o.s.p.ProcessEntryPoint] Starting Compute Engine
2024.01.22 16:38:11 INFO  ce[][o.s.ce.app.CeServer] Compute Engine starting up...
2024.01.22 16:38:12 INFO  ce[][o.sonar.db.Database] Create JDBC data source for jdbc:postgresql://postgresql_net/sonarqube
2024.01.22 16:38:12 INFO  ce[][c.z.h.HikariDataSource] HikariPool-1 - Starting...
2024.01.22 16:38:12 INFO  ce[][c.z.h.p.HikariPool] HikariPool-1 - Added connection org.postgresql.jdbc.PgConnection@24ea045
2024.01.22 16:38:12 INFO  ce[][c.z.h.HikariDataSource] HikariPool-1 - Start completed.
2024.01.22 16:38:14 INFO  ce[][o.s.s.p.ServerFileSystemImpl] SonarQube home: /opt/sonarqube
2024.01.22 16:38:14 INFO  ce[][o.s.c.c.CePluginRepository] Load plugins
2024.01.22 16:38:15 INFO  ce[][o.s.c.c.ComputeEngineContainerImpl] Running Community edition
2024.01.22 16:38:15 INFO  ce[][o.s.ce.app.CeServer] Compute Engine is started
2024.01.22 16:39:43 INFO  ce[][o.s.p.ProcessEntryPoint] Gracefully stopping process
2024.01.22 16:39:43 INFO  ce[][o.s.ce.app.CeServer] Compute Engine is stopping...
2024.01.22 16:39:43 INFO  ce[][o.s.c.t.CeProcessingSchedulerImpl] Gracefully stopping workers...
2024.01.22 16:39:43 INFO  ce[][c.z.h.HikariDataSource] HikariPool-1 - Shutdown initiated...
2024.01.22 16:39:43 INFO  ce[][c.z.h.HikariDataSource] HikariPool-1 - Shutdown completed.
2024.01.22 16:39:43 INFO  ce[][o.s.ce.app.CeServer] Compute Engine is stopped
2024.01.22 16:48:37 INFO  ce[][o.s.p.ProcessEntryPoint] Starting Compute Engine
2024.01.22 16:48:37 INFO  ce[][o.s.ce.app.CeServer] Compute Engine starting up...
2024.01.22 16:48:38 INFO  ce[][o.sonar.db.Database] Create JDBC data source for jdbc:postgresql://postgresql_net/sonarqube
2024.01.22 16:48:38 INFO  ce[][c.z.h.HikariDataSource] HikariPool-1 - Starting...
2024.01.22 16:48:38 INFO  ce[][c.z.h.p.HikariPool] HikariPool-1 - Added connection org.postgresql.jdbc.PgConnection@504fd3
2024.01.22 16:48:38 INFO  ce[][c.z.h.HikariDataSource] HikariPool-1 - Start completed.
2024.01.22 16:48:39 INFO  ce[][o.s.s.p.ServerFileSystemImpl] SonarQube home: /opt/sonarqube
2024.01.22 16:48:39 INFO  ce[][o.s.c.c.CePluginRepository] Load plugins
2024.01.22 16:48:41 INFO  ce[][o.s.c.c.ComputeEngineContainerImpl] Running Community edition
2024.01.22 16:48:41 INFO  ce[][o.s.ce.app.CeServer] Compute Engine is started
2024.01.22 16:52:59 INFO  ce[][o.s.p.ProcessEntryPoint] Gracefully stopping process
2024.01.22 16:52:59 INFO  ce[][o.s.ce.app.CeServer] Compute Engine is stopping...
2024.01.22 16:52:59 INFO  ce[][o.s.c.t.CeProcessingSchedulerImpl] Gracefully stopping workers...
2024.01.22 16:52:59 INFO  ce[][c.z.h.HikariDataSource] HikariPool-1 - Shutdown initiated...
2024.01.22 16:52:59 INFO  ce[][c.z.h.HikariDataSource] HikariPool-1 - Shutdown completed.
2024.01.22 16:52:59 INFO  ce[][o.s.ce.app.CeServer] Compute Engine is stopped
