2024.01.23 00:03:16 WARN  es[][o.e.t.ThreadPool] timer thread slept for [42.3m/2541589ms] on absolute clock which is above the warn threshold of [5000ms]
2024.01.23 00:03:16 WARN  es[][o.e.t.ThreadPool] timer thread slept for [42.3m/2541336593802ns] on relative clock which is above the warn threshold of [5000ms]
2024.01.23 00:03:43 WARN  es[][o.e.t.ThreadPool] timer thread slept for [22.4s/22431ms] on absolute clock which is above the warn threshold of [5000ms]
2024.01.23 00:03:44 WARN  es[][o.e.t.ThreadPool] timer thread slept for [22.4s/22431000775ns] on relative clock which is above the warn threshold of [5000ms]
2024.01.23 01:04:25 WARN  es[][o.e.t.ThreadPool] timer thread slept for [1h/3639162ms] on absolute clock which is above the warn threshold of [5000ms]
2024.01.23 01:04:37 WARN  es[][o.e.t.ThreadPool] timer thread slept for [5s/5014ms] on absolute clock which is above the warn threshold of [5000ms]
2024.01.23 01:04:37 WARN  es[][o.e.t.ThreadPool] timer thread slept for [5s/5013993312ns] on relative clock which is above the warn threshold of [5000ms]
2024.01.23 03:06:39 WARN  es[][o.e.t.ThreadPool] timer thread slept for [2h/7304209ms] on absolute clock which is above the warn threshold of [5000ms]
2024.01.23 04:07:48 WARN  es[][o.e.t.ThreadPool] timer thread slept for [1h/3639373ms] on absolute clock which is above the warn threshold of [5000ms]
2024.01.23 06:59:46 WARN  es[][o.e.t.ThreadPool] timer thread slept for [2.8h/10286291ms] on absolute clock which is above the warn threshold of [5000ms]
2024.01.23 10:34:29 WARN  es[][o.e.t.ThreadPool] timer thread slept for [3.5h/12853882ms] on absolute clock which is above the warn threshold of [5000ms]
2024.01.23 10:43:26 WARN  es[][o.e.t.ThreadPool] timer thread slept for [8.9m/535149ms] on absolute clock which is above the warn threshold of [5000ms]
2024.01.23 10:43:26 WARN  es[][o.e.t.ThreadPool] timer thread slept for [8.9m/535148220511ns] on relative clock which is above the warn threshold of [5000ms]
2024.01.23 11:01:02 WARN  es[][o.e.t.ThreadPool] timer thread slept for [17.1m/1029081ms] on absolute clock which is above the warn threshold of [5000ms]
2024.01.23 11:01:02 WARN  es[][o.e.t.ThreadPool] timer thread slept for [17.1m/1029080797772ns] on relative clock which is above the warn threshold of [5000ms]
2024.01.23 11:55:32 WARN  es[][o.e.t.ThreadPool] timer thread slept for [53.9m/3239176ms] on absolute clock which is above the warn threshold of [5000ms]
2024.01.23 11:55:32 WARN  es[][o.e.t.ThreadPool] timer thread slept for [53.9m/3238963127031ns] on relative clock which is above the warn threshold of [5000ms]
2024.01.23 11:55:32 WARN  es[][o.e.h.AbstractHttpServerTransport] handling request [null][GET][/_cluster/health?master_timeout=30s&level=cluster&timeout=30s][Netty4HttpChannel{localAddress=/127.0.0.1:9001, remoteAddress=/127.0.0.1:56180}] took [3238963ms] which is above the warn threshold of [5000ms]
2024.01.23 11:56:02 WARN  es[][o.e.t.ThreadPool] absolute clock went backwards by [167ms/167ms] while timer thread was sleeping
2024.01.23 13:02:03 WARN  es[][o.e.t.ThreadPool] timer thread slept for [1h/3958551ms] on absolute clock which is above the warn threshold of [5000ms]
2024.01.23 13:02:03 WARN  es[][o.e.t.ThreadPool] timer thread slept for [1h/3958551575605ns] on relative clock which is above the warn threshold of [5000ms]
2024.01.23 14:03:04 WARN  es[][o.e.t.ThreadPool] timer thread slept for [1h/3631582ms] on absolute clock which is above the warn threshold of [5000ms]
2024.01.23 14:03:04 WARN  es[][o.e.t.ThreadPool] timer thread slept for [1h/3631776163420ns] on relative clock which is above the warn threshold of [5000ms]
2024.01.23 15:04:05 WARN  es[][o.e.t.ThreadPool] timer thread slept for [1h/3632018ms] on absolute clock which is above the warn threshold of [5000ms]
2024.01.23 15:04:05 WARN  es[][o.e.t.ThreadPool] timer thread slept for [1h/3632018412211ns] on relative clock which is above the warn threshold of [5000ms]
2024.01.23 16:05:07 WARN  es[][o.e.t.ThreadPool] timer thread slept for [1h/3633143ms] on absolute clock which is above the warn threshold of [5000ms]
2024.01.23 16:05:07 WARN  es[][o.e.t.ThreadPool] timer thread slept for [1h/3633142669769ns] on relative clock which is above the warn threshold of [5000ms]
2024.01.23 17:06:09 WARN  es[][o.e.t.ThreadPool] timer thread slept for [1h/3632838ms] on absolute clock which is above the warn threshold of [5000ms]
2024.01.23 17:06:09 WARN  es[][o.e.t.ThreadPool] timer thread slept for [1h/3632837937110ns] on relative clock which is above the warn threshold of [5000ms]
2024.01.23 18:07:11 WARN  es[][o.e.t.ThreadPool] timer thread slept for [1h/3627872ms] on absolute clock which is above the warn threshold of [5000ms]
2024.01.23 18:07:11 WARN  es[][o.e.t.ThreadPool] timer thread slept for [1h/3627872099003ns] on relative clock which is above the warn threshold of [5000ms]
2024.01.23 19:08:13 WARN  es[][o.e.t.ThreadPool] timer thread slept for [1h/3631779ms] on absolute clock which is above the warn threshold of [5000ms]
2024.01.23 19:08:13 WARN  es[][o.e.t.ThreadPool] timer thread slept for [1h/3631716313479ns] on relative clock which is above the warn threshold of [5000ms]
2024.01.23 19:08:13 WARN  es[][o.e.m.j.JvmGcMonitorService] [gc][young][11377][12] duration [1h], collections [1]/[1h], total [1h]/[1h], memory [361.6mb]->[65.8mb]/[512mb], all_pools {[young] [296mb]->[0b]/[0b]}{[old] [56.8mb]->[56.8mb]/[512mb]}{[survivor] [8.8mb]->[9mb]/[0b]}
2024.01.23 19:08:13 WARN  es[][o.e.m.j.JvmGcMonitorService] [gc][11377] overhead, spent [1h] collecting in the last [1h]
2024.01.23 20:08:33 WARN  es[][o.e.t.ThreadPool] timer thread slept for [59.7m/3587535ms] on absolute clock which is above the warn threshold of [5000ms]
2024.01.23 20:08:33 WARN  es[][o.e.t.ThreadPool] timer thread slept for [59.7m/3587534390983ns] on relative clock which is above the warn threshold of [5000ms]
2024.01.23 20:34:24 WARN  es[][o.e.t.ThreadPool] timer thread slept for [25.2m/1513889ms] on absolute clock which is above the warn threshold of [5000ms]
2024.01.23 20:34:24 WARN  es[][o.e.t.ThreadPool] timer thread slept for [25.2m/1513888828036ns] on relative clock which is above the warn threshold of [5000ms]
2024.01.23 22:09:39 WARN  es[][o.e.t.ThreadPool] timer thread slept for [8.4s/8404ms] on absolute clock which is above the warn threshold of [5000ms]
2024.01.23 22:09:39 WARN  es[][o.e.t.ThreadPool] timer thread slept for [8.4s/8404021555ns] on relative clock which is above the warn threshold of [5000ms]
2024.01.23 22:09:39 WARN  es[][o.e.t.ThreadPool] timer thread slept for [1h/3639142ms] on absolute clock which is above the warn threshold of [5000ms]
2024.01.23 23:11:11 WARN  es[][o.e.t.ThreadPool] timer thread slept for [1h/3631782ms] on absolute clock which is above the warn threshold of [5000ms]
