2024.01.24 00:12:11 WARN  es[][o.e.t.ThreadPool] timer thread slept for [1h/3630780ms] on absolute clock which is above the warn threshold of [5000ms]
2024.01.24 01:13:11 WARN  es[][o.e.t.ThreadPool] timer thread slept for [1h/3629872ms] on absolute clock which is above the warn threshold of [5000ms]
2024.01.24 02:14:11 WARN  es[][o.e.t.ThreadPool] timer thread slept for [1h/3630367ms] on absolute clock which is above the warn threshold of [5000ms]
2024.01.24 03:15:11 WARN  es[][o.e.t.ThreadPool] timer thread slept for [1h/3629983ms] on absolute clock which is above the warn threshold of [5000ms]
2024.01.24 04:16:14 WARN  es[][o.e.t.ThreadPool] timer thread slept for [1h/3631936ms] on absolute clock which is above the warn threshold of [5000ms]
2024.01.24 04:22:04 WARN  es[][o.e.t.ThreadPool] timer thread slept for [4.8m/290541ms] on absolute clock which is above the warn threshold of [5000ms]
2024.01.24 05:17:41 WARN  es[][o.e.t.ThreadPool] timer thread slept for [55.1m/3306490ms] on absolute clock which is above the warn threshold of [5000ms]
2024.01.24 06:18:42 WARN  es[][o.e.t.ThreadPool] timer thread slept for [1h/3631583ms] on absolute clock which is above the warn threshold of [5000ms]
2024.01.24 11:01:17 WARN  es[][o.e.t.ThreadPool] timer thread slept for [4.7h/16924935ms] on absolute clock which is above the warn threshold of [5000ms]
2024.01.24 11:34:37 WARN  es[][o.e.t.ThreadPool] timer thread slept for [32.8m/1970583ms] on absolute clock which is above the warn threshold of [5000ms]
2024.01.24 13:01:31 WARN  es[][o.e.t.ThreadPool] timer thread slept for [7.4s/7431ms] on absolute clock which is above the warn threshold of [5000ms]
2024.01.24 13:01:31 WARN  es[][o.e.t.ThreadPool] timer thread slept for [7.4s/7431198967ns] on relative clock which is above the warn threshold of [5000ms]
2024.01.24 14:02:17 WARN  es[][o.e.t.ThreadPool] timer thread slept for [1h/3639750ms] on absolute clock which is above the warn threshold of [5000ms]
2024.01.24 15:03:18 WARN  es[][o.e.t.ThreadPool] timer thread slept for [1h/3630729ms] on absolute clock which is above the warn threshold of [5000ms]
2024.01.24 16:04:22 WARN  es[][o.e.t.ThreadPool] timer thread slept for [1h/3630138ms] on absolute clock which is above the warn threshold of [5000ms]
2024.01.24 17:05:27 WARN  es[][o.e.t.ThreadPool] timer thread slept for [1h/3636048ms] on absolute clock which is above the warn threshold of [5000ms]
2024.01.24 17:05:27 WARN  es[][o.e.t.ThreadPool] timer thread slept for [6.3s/6397020072ns] on relative clock which is above the warn threshold of [5000ms]
2024.01.24 17:06:06 WARN  es[][o.e.t.ThreadPool] timer thread slept for [5.7s/5760ms] on absolute clock which is above the warn threshold of [5000ms]
2024.01.24 17:06:06 WARN  es[][o.e.t.ThreadPool] timer thread slept for [5.7s/5759942756ns] on relative clock which is above the warn threshold of [5000ms]
2024.01.24 18:06:52 WARN  es[][o.e.t.ThreadPool] timer thread slept for [1h/3625847ms] on absolute clock which is above the warn threshold of [5000ms]
2024.01.24 19:07:51 WARN  es[][o.e.t.ThreadPool] timer thread slept for [1h/3628940ms] on absolute clock which is above the warn threshold of [5000ms]
2024.01.24 20:08:52 WARN  es[][o.e.t.ThreadPool] timer thread slept for [1h/3631483ms] on absolute clock which is above the warn threshold of [5000ms]
2024.01.24 20:47:49 WARN  es[][o.e.t.ThreadPool] timer thread slept for [38.4m/2307469ms] on absolute clock which is above the warn threshold of [5000ms]
2024.01.24 20:48:19 WARN  es[][o.e.t.ThreadPool] timer thread slept for [5.1s/5169ms] on absolute clock which is above the warn threshold of [5000ms]
2024.01.24 20:48:19 WARN  es[][o.e.t.ThreadPool] timer thread slept for [5.1s/5168963295ns] on relative clock which is above the warn threshold of [5000ms]
2024.01.24 21:09:48 WARN  es[][o.e.t.ThreadPool] timer thread slept for [21.4m/1288493ms] on absolute clock which is above the warn threshold of [5000ms]
2024.01.24 22:10:52 WARN  es[][o.e.t.ThreadPool] timer thread slept for [1h/3631504ms] on absolute clock which is above the warn threshold of [5000ms]
2024.01.24 23:11:57 WARN  es[][o.e.t.ThreadPool] timer thread slept for [1h/3631367ms] on absolute clock which is above the warn threshold of [5000ms]
