2024.01.25 00:13:25 WARN  es[][o.e.t.ThreadPool] timer thread slept for [1h/3627898ms] on absolute clock which is above the warn threshold of [5000ms]
2024.01.25 00:13:41 WARN  es[][o.e.t.ThreadPool] timer thread slept for [5.3s/5360ms] on absolute clock which is above the warn threshold of [5000ms]
2024.01.25 00:13:41 WARN  es[][o.e.t.ThreadPool] timer thread slept for [5.3s/5360312804ns] on relative clock which is above the warn threshold of [5000ms]
2024.01.25 01:14:23 WARN  es[][o.e.t.ThreadPool] timer thread slept for [1h/3627987ms] on absolute clock which is above the warn threshold of [5000ms]
2024.01.25 02:15:23 WARN  es[][o.e.t.ThreadPool] timer thread slept for [1h/3630417ms] on absolute clock which is above the warn threshold of [5000ms]
2024.01.25 03:16:19 WARN  es[][o.e.t.ThreadPool] timer thread slept for [1h/3625243ms] on absolute clock which is above the warn threshold of [5000ms]
2024.01.25 04:17:45 WARN  es[][o.e.t.ThreadPool] timer thread slept for [1h/3625551ms] on absolute clock which is above the warn threshold of [5000ms]
2024.01.25 04:18:03 WARN  es[][o.e.t.ThreadPool] timer thread slept for [5.4s/5400ms] on absolute clock which is above the warn threshold of [5000ms]
2024.01.25 04:18:03 WARN  es[][o.e.t.ThreadPool] timer thread slept for [5.4s/5400190157ns] on relative clock which is above the warn threshold of [5000ms]
2024.01.25 05:01:02 WARN  es[][o.e.t.ThreadPool] timer thread slept for [42.7m/2567341ms] on absolute clock which is above the warn threshold of [5000ms]
2024.01.25 05:18:38 WARN  es[][o.e.t.ThreadPool] timer thread slept for [17.1m/1026213ms] on absolute clock which is above the warn threshold of [5000ms]
2024.01.25 06:19:40 WARN  es[][o.e.t.ThreadPool] timer thread slept for [1h/3632587ms] on absolute clock which is above the warn threshold of [5000ms]
2024.01.25 10:49:30 WARN  es[][o.e.t.ThreadPool] timer thread slept for [4.4h/16160540ms] on absolute clock which is above the warn threshold of [5000ms]
2024.01.25 11:01:01 WARN  es[][o.e.t.ThreadPool] timer thread slept for [11.4m/687651ms] on absolute clock which is above the warn threshold of [5000ms]
2024.01.25 11:01:01 WARN  es[][o.e.t.ThreadPool] timer thread slept for [11.4m/687625428097ns] on relative clock which is above the warn threshold of [5000ms]
2024.01.25 13:02:03 WARN  es[][o.e.t.ThreadPool] timer thread slept for [2h/7224100ms] on absolute clock which is above the warn threshold of [5000ms]
2024.01.25 13:02:03 WARN  es[][o.e.t.ThreadPool] timer thread slept for [2h/7224100677918ns] on relative clock which is above the warn threshold of [5000ms]
2024.01.25 13:13:53 WARN  es[][o.e.t.ThreadPool] timer thread slept for [11.2m/677129ms] on absolute clock which is above the warn threshold of [5000ms]
2024.01.25 13:13:53 WARN  es[][o.e.t.ThreadPool] timer thread slept for [11.2m/677129151328ns] on relative clock which is above the warn threshold of [5000ms]
2024.01.25 14:03:04 WARN  es[][o.e.t.ThreadPool] timer thread slept for [48.7m/2923767ms] on absolute clock which is above the warn threshold of [5000ms]
2024.01.25 14:03:04 WARN  es[][o.e.t.ThreadPool] timer thread slept for [48.7m/2923767412950ns] on relative clock which is above the warn threshold of [5000ms]
2024.01.25 14:03:05 WARN  es[][o.e.t.ThreadPool] absolute clock went backwards by [88ms/88ms] while timer thread was sleeping
2024.01.25 14:24:21 WARN  es[][o.e.t.ThreadPool] timer thread slept for [20.7m/1243080ms] on absolute clock which is above the warn threshold of [5000ms]
2024.01.25 14:24:21 WARN  es[][o.e.t.ThreadPool] timer thread slept for [20.7m/1243079919974ns] on relative clock which is above the warn threshold of [5000ms]
2024.01.25 14:40:23 WARN  es[][o.e.t.ThreadPool] timer thread slept for [5.9m/358009ms] on absolute clock which is above the warn threshold of [5000ms]
2024.01.25 14:40:24 WARN  es[][o.e.t.ThreadPool] timer thread slept for [5.9m/358008623664ns] on relative clock which is above the warn threshold of [5000ms]
2024.01.25 15:01:42 WARN  es[][o.e.t.ThreadPool] timer thread slept for [5.2m/316429ms] on absolute clock which is above the warn threshold of [5000ms]
2024.01.25 15:01:43 WARN  es[][o.e.t.ThreadPool] timer thread slept for [5.2m/316429656624ns] on relative clock which is above the warn threshold of [5000ms]
2024.01.25 15:03:43 WARN  es[][o.e.t.ThreadPool] timer thread slept for [1.1m/70858ms] on absolute clock which is above the warn threshold of [5000ms]
2024.01.25 15:03:43 WARN  es[][o.e.t.ThreadPool] timer thread slept for [1.1m/70858033976ns] on relative clock which is above the warn threshold of [5000ms]
2024.01.25 15:30:54 WARN  es[][o.e.t.ThreadPool] timer thread slept for [9.5m/570306ms] on absolute clock which is above the warn threshold of [5000ms]
2024.01.25 15:30:55 WARN  es[][o.e.t.ThreadPool] timer thread slept for [9.5m/570306239598ns] on relative clock which is above the warn threshold of [5000ms]
2024.01.25 17:31:53 WARN  es[][o.e.t.ThreadPool] timer thread slept for [1.9h/7197695ms] on absolute clock which is above the warn threshold of [5000ms]
2024.01.25 17:31:53 WARN  es[][o.e.t.ThreadPool] timer thread slept for [1.9h/7197694672349ns] on relative clock which is above the warn threshold of [5000ms]
2024.01.25 17:32:34 WARN  es[][o.e.t.ThreadPool] timer thread slept for [29.8s/29830ms] on absolute clock which is above the warn threshold of [5000ms]
2024.01.25 17:32:34 WARN  es[][o.e.t.ThreadPool] timer thread slept for [29.8s/29830120126ns] on relative clock which is above the warn threshold of [5000ms]
2024.01.25 18:33:00 WARN  es[][o.e.t.ThreadPool] timer thread slept for [1h/3625579ms] on absolute clock which is above the warn threshold of [5000ms]
2024.01.25 20:01:32 WARN  es[][o.e.t.ThreadPool] timer thread slept for [1.4h/5279333ms] on absolute clock which is above the warn threshold of [5000ms]
2024.01.25 20:56:35 WARN  es[][o.e.t.ThreadPool] timer thread slept for [54.5m/3273639ms] on absolute clock which is above the warn threshold of [5000ms]
2024.01.25 21:36:22 WARN  es[][o.e.t.ThreadPool] timer thread slept for [39.2m/2356726ms] on absolute clock which is above the warn threshold of [5000ms]
2024.01.25 23:38:36 WARN  es[][o.e.t.ThreadPool] timer thread slept for [2h/7304767ms] on absolute clock which is above the warn threshold of [5000ms]
