2024.01.22 16:37:09 INFO  app[][o.s.a.AppFileSystem] Cleaning or creating temp directory /opt/sonarqube/temp
2024.01.22 16:37:09 INFO  app[][o.s.a.es.EsSettings] Elasticsearch listening on [HTTP: 127.0.0.1:9001, TCP: 127.0.0.1:46581]
2024.01.22 16:37:09 INFO  app[][o.s.a.ProcessLauncherImpl] Launch process[ELASTICSEARCH] from [/opt/sonarqube/elasticsearch]: /opt/sonarqube/elasticsearch/bin/elasticsearch
2024.01.22 16:37:09 INFO  app[][o.s.a.SchedulerImpl] Waiting for Elasticsearch to be up and running
2024.01.22 16:37:20 INFO  app[][o.s.a.SchedulerImpl] Process[es] is up
2024.01.22 16:37:20 INFO  app[][o.s.a.ProcessLauncherImpl] Launch process[WEB_SERVER] from [/opt/sonarqube]: /usr/lib/jvm/java-11-openjdk/bin/java -Djava.awt.headless=true -Dfile.encoding=UTF-8 -Djava.io.tmpdir=/opt/sonarqube/temp -XX:-OmitStackTraceInFastThrow --add-opens=java.base/java.util=ALL-UNNAMED --add-opens=java.base/java.lang=ALL-UNNAMED --add-opens=java.base/java.io=ALL-UNNAMED --add-opens=java.rmi/sun.rmi.transport=ALL-UNNAMED --add-exports=java.base/jdk.internal.ref=ALL-UNNAMED --add-opens=java.base/java.nio=ALL-UNNAMED --add-opens=java.base/sun.nio.ch=ALL-UNNAMED --add-opens=java.management/sun.management=ALL-UNNAMED --add-opens=jdk.management/com.sun.management.internal=ALL-UNNAMED -Dcom.redhat.fips=false -Xmx512m -Xms128m -XX:+HeapDumpOnOutOfMemoryError -Dhttp.nonProxyHosts=localhost|127.*|[::1] -cp ./lib/sonar-application-9.7.1.62043.jar:/opt/sonarqube/lib/jdbc/postgresql/postgresql-42.4.1.jar org.sonar.server.app.WebServer /opt/sonarqube/temp/sq-process15369494615153832811properties
2024.01.22 16:38:11 INFO  app[][o.s.a.SchedulerImpl] Process[web] is up
2024.01.22 16:38:11 INFO  app[][o.s.a.ProcessLauncherImpl] Launch process[COMPUTE_ENGINE] from [/opt/sonarqube]: /usr/lib/jvm/java-11-openjdk/bin/java -Djava.awt.headless=true -Dfile.encoding=UTF-8 -Djava.io.tmpdir=/opt/sonarqube/temp -XX:-OmitStackTraceInFastThrow --add-opens=java.base/java.util=ALL-UNNAMED --add-exports=java.base/jdk.internal.ref=ALL-UNNAMED --add-opens=java.base/java.lang=ALL-UNNAMED --add-opens=java.base/java.nio=ALL-UNNAMED --add-opens=java.base/sun.nio.ch=ALL-UNNAMED --add-opens=java.management/sun.management=ALL-UNNAMED --add-opens=jdk.management/com.sun.management.internal=ALL-UNNAMED -Dcom.redhat.fips=false -Xmx512m -Xms128m -XX:+HeapDumpOnOutOfMemoryError -Dhttp.nonProxyHosts=localhost|127.*|[::1] -cp ./lib/sonar-application-9.7.1.62043.jar:/opt/sonarqube/lib/jdbc/postgresql/postgresql-42.4.1.jar org.sonar.ce.app.CeServer /opt/sonarqube/temp/sq-process1761979322200906691properties
2024.01.22 16:38:11 WARN  app[][startup] ####################################################################################################################
2024.01.22 16:38:11 WARN  app[][startup] Default Administrator credentials are still being used. Make sure to change the password or deactivate the account.
2024.01.22 16:38:11 WARN  app[][startup] ####################################################################################################################
2024.01.22 16:38:16 INFO  app[][o.s.a.SchedulerImpl] Process[ce] is up
2024.01.22 16:38:16 INFO  app[][o.s.a.SchedulerImpl] SonarQube is operational
2024.01.22 16:39:43 INFO  app[][o.s.a.SchedulerImpl] Stopping SonarQube
2024.01.22 16:39:43 INFO  app[][o.s.a.SchedulerImpl] Sonarqube has been requested to stop
2024.01.22 16:39:43 INFO  app[][o.s.a.SchedulerImpl] Stopping [Compute Engine] process...
2024.01.22 16:39:43 INFO  app[][o.s.a.SchedulerImpl] Stopping [Web Server] process...
2024.01.22 16:39:43 INFO  app[][o.s.a.SchedulerImpl] Process[Compute Engine] is stopped
2024.01.22 16:39:44 INFO  app[][o.s.a.SchedulerImpl] Stopping [ElasticSearch] process...
2024.01.22 16:39:44 INFO  app[][o.s.a.SchedulerImpl] Process[Web Server] is stopped
2024.01.22 16:39:44 WARN  app[][o.s.a.p.AbstractManagedProcess] Process exited with exit value [ElasticSearch]: 143
2024.01.22 16:39:44 INFO  app[][o.s.a.SchedulerImpl] Process[ElasticSearch] is stopped
2024.01.22 16:39:44 INFO  app[][o.s.a.SchedulerImpl] SonarQube is stopped
2024.01.22 16:40:22 INFO  app[][o.s.a.AppFileSystem] Cleaning or creating temp directory /opt/sonarqube/temp
2024.01.22 16:40:22 INFO  app[][o.s.a.es.EsSettings] Elasticsearch listening on [HTTP: 127.0.0.1:9001, TCP: 127.0.0.1:35631]
2024.01.22 16:40:22 INFO  app[][o.s.a.ProcessLauncherImpl] Deleting outdated search index data directory /opt/sonarqube/data/es7
2024.01.22 16:40:23 INFO  app[][o.s.a.ProcessLauncherImpl] Launch process[ELASTICSEARCH] from [/opt/sonarqube/elasticsearch]: /opt/java/openjdk/bin/java -Xms4m -Xmx64m -XX:+UseSerialGC -Dcli.name=server -Dcli.script=./bin/elasticsearch -Dcli.libs=lib/tools/server-cli -Des.path.home=/opt/sonarqube/elasticsearch -Des.path.conf=/opt/sonarqube/temp/conf/es -Des.distribution.type=tar -cp /opt/sonarqube/elasticsearch/lib/*:/opt/sonarqube/elasticsearch/lib/cli-launcher/* org.elasticsearch.launcher.CliToolLauncher
2024.01.22 16:40:23 INFO  app[][o.s.a.SchedulerImpl] Waiting for Elasticsearch to be up and running
2024.01.22 16:40:36 INFO  app[][o.s.a.SchedulerImpl] Process[es] is up
2024.01.22 16:40:36 INFO  app[][o.s.a.ProcessLauncherImpl] Launch process[WEB_SERVER] from [/opt/sonarqube]: /opt/java/openjdk/bin/java -Djava.awt.headless=true -Dfile.encoding=UTF-8 -Djava.io.tmpdir=/opt/sonarqube/temp -XX:-OmitStackTraceInFastThrow --add-opens=java.base/java.util=ALL-UNNAMED --add-opens=java.base/java.lang=ALL-UNNAMED --add-opens=java.base/java.io=ALL-UNNAMED --add-opens=java.rmi/sun.rmi.transport=ALL-UNNAMED --add-exports=java.base/jdk.internal.ref=ALL-UNNAMED --add-opens=java.base/java.nio=ALL-UNNAMED --add-opens=java.base/sun.nio.ch=ALL-UNNAMED --add-opens=java.management/sun.management=ALL-UNNAMED --add-opens=jdk.management/com.sun.management.internal=ALL-UNNAMED -Dcom.redhat.fips=false -Xmx512m -Xms128m -XX:+HeapDumpOnOutOfMemoryError -Dhttp.nonProxyHosts=localhost|127.*|[::1] -cp ./lib/sonar-application-10.3.0.82913.jar:/opt/sonarqube/lib/jdbc/postgresql/postgresql-42.6.0.jar org.sonar.server.app.WebServer /opt/sonarqube/temp/sq-process17098691474406529914properties
2024.01.22 16:40:40 INFO  app[][o.s.a.SchedulerImpl] Process[Web Server] is stopped
2024.01.22 16:40:40 INFO  app[][o.s.a.SchedulerImpl] Process[ElasticSearch] is stopped
2024.01.22 16:40:40 WARN  app[][o.s.a.p.AbstractManagedProcess] Process exited with exit value [ElasticSearch]: 143
2024.01.22 16:40:40 INFO  app[][o.s.a.SchedulerImpl] SonarQube is stopped
2024.01.22 16:40:42 INFO  app[][o.s.a.AppFileSystem] Cleaning or creating temp directory /opt/sonarqube/temp
2024.01.22 16:40:42 INFO  app[][o.s.a.es.EsSettings] Elasticsearch listening on [HTTP: 127.0.0.1:9001, TCP: 127.0.0.1:36751]
2024.01.22 16:40:42 INFO  app[][o.s.a.ProcessLauncherImpl] Launch process[ELASTICSEARCH] from [/opt/sonarqube/elasticsearch]: /opt/java/openjdk/bin/java -Xms4m -Xmx64m -XX:+UseSerialGC -Dcli.name=server -Dcli.script=./bin/elasticsearch -Dcli.libs=lib/tools/server-cli -Des.path.home=/opt/sonarqube/elasticsearch -Des.path.conf=/opt/sonarqube/temp/conf/es -Des.distribution.type=tar -cp /opt/sonarqube/elasticsearch/lib/*:/opt/sonarqube/elasticsearch/lib/cli-launcher/* org.elasticsearch.launcher.CliToolLauncher
2024.01.22 16:40:42 INFO  app[][o.s.a.SchedulerImpl] Waiting for Elasticsearch to be up and running
2024.01.22 16:40:53 INFO  app[][o.s.a.SchedulerImpl] Process[es] is up
2024.01.22 16:40:53 INFO  app[][o.s.a.ProcessLauncherImpl] Launch process[WEB_SERVER] from [/opt/sonarqube]: /opt/java/openjdk/bin/java -Djava.awt.headless=true -Dfile.encoding=UTF-8 -Djava.io.tmpdir=/opt/sonarqube/temp -XX:-OmitStackTraceInFastThrow --add-opens=java.base/java.util=ALL-UNNAMED --add-opens=java.base/java.lang=ALL-UNNAMED --add-opens=java.base/java.io=ALL-UNNAMED --add-opens=java.rmi/sun.rmi.transport=ALL-UNNAMED --add-exports=java.base/jdk.internal.ref=ALL-UNNAMED --add-opens=java.base/java.nio=ALL-UNNAMED --add-opens=java.base/sun.nio.ch=ALL-UNNAMED --add-opens=java.management/sun.management=ALL-UNNAMED --add-opens=jdk.management/com.sun.management.internal=ALL-UNNAMED -Dcom.redhat.fips=false -Xmx512m -Xms128m -XX:+HeapDumpOnOutOfMemoryError -Dhttp.nonProxyHosts=localhost|127.*|[::1] -cp ./lib/sonar-application-10.3.0.82913.jar:/opt/sonarqube/lib/jdbc/postgresql/postgresql-42.6.0.jar org.sonar.server.app.WebServer /opt/sonarqube/temp/sq-process14292169675925988310properties
2024.01.22 16:40:58 INFO  app[][o.s.a.SchedulerImpl] Process[Web Server] is stopped
2024.01.22 16:40:58 INFO  app[][o.s.a.SchedulerImpl] Process[ElasticSearch] is stopped
2024.01.22 16:40:58 WARN  app[][o.s.a.p.AbstractManagedProcess] Process exited with exit value [ElasticSearch]: 143
2024.01.22 16:40:58 INFO  app[][o.s.a.SchedulerImpl] SonarQube is stopped
2024.01.22 16:40:59 INFO  app[][o.s.a.AppFileSystem] Cleaning or creating temp directory /opt/sonarqube/temp
2024.01.22 16:40:59 INFO  app[][o.s.a.es.EsSettings] Elasticsearch listening on [HTTP: 127.0.0.1:9001, TCP: 127.0.0.1:43375]
2024.01.22 16:40:59 INFO  app[][o.s.a.ProcessLauncherImpl] Launch process[ELASTICSEARCH] from [/opt/sonarqube/elasticsearch]: /opt/java/openjdk/bin/java -Xms4m -Xmx64m -XX:+UseSerialGC -Dcli.name=server -Dcli.script=./bin/elasticsearch -Dcli.libs=lib/tools/server-cli -Des.path.home=/opt/sonarqube/elasticsearch -Des.path.conf=/opt/sonarqube/temp/conf/es -Des.distribution.type=tar -cp /opt/sonarqube/elasticsearch/lib/*:/opt/sonarqube/elasticsearch/lib/cli-launcher/* org.elasticsearch.launcher.CliToolLauncher
2024.01.22 16:40:59 INFO  app[][o.s.a.SchedulerImpl] Waiting for Elasticsearch to be up and running
2024.01.22 16:41:09 INFO  app[][o.s.a.SchedulerImpl] Process[es] is up
2024.01.22 16:41:09 INFO  app[][o.s.a.ProcessLauncherImpl] Launch process[WEB_SERVER] from [/opt/sonarqube]: /opt/java/openjdk/bin/java -Djava.awt.headless=true -Dfile.encoding=UTF-8 -Djava.io.tmpdir=/opt/sonarqube/temp -XX:-OmitStackTraceInFastThrow --add-opens=java.base/java.util=ALL-UNNAMED --add-opens=java.base/java.lang=ALL-UNNAMED --add-opens=java.base/java.io=ALL-UNNAMED --add-opens=java.rmi/sun.rmi.transport=ALL-UNNAMED --add-exports=java.base/jdk.internal.ref=ALL-UNNAMED --add-opens=java.base/java.nio=ALL-UNNAMED --add-opens=java.base/sun.nio.ch=ALL-UNNAMED --add-opens=java.management/sun.management=ALL-UNNAMED --add-opens=jdk.management/com.sun.management.internal=ALL-UNNAMED -Dcom.redhat.fips=false -Xmx512m -Xms128m -XX:+HeapDumpOnOutOfMemoryError -Dhttp.nonProxyHosts=localhost|127.*|[::1] -cp ./lib/sonar-application-10.3.0.82913.jar:/opt/sonarqube/lib/jdbc/postgresql/postgresql-42.6.0.jar org.sonar.server.app.WebServer /opt/sonarqube/temp/sq-process13989521621963112274properties
2024.01.22 16:41:12 INFO  app[][o.s.a.SchedulerImpl] Process[Web Server] is stopped
2024.01.22 16:41:12 WARN  app[][o.s.a.p.AbstractManagedProcess] Process exited with exit value [ElasticSearch]: 143
2024.01.22 16:41:12 INFO  app[][o.s.a.SchedulerImpl] Process[ElasticSearch] is stopped
2024.01.22 16:41:12 INFO  app[][o.s.a.SchedulerImpl] SonarQube is stopped
2024.01.22 16:41:12 INFO  app[][o.s.a.AppFileSystem] Cleaning or creating temp directory /opt/sonarqube/temp
2024.01.22 16:41:12 INFO  app[][o.s.a.es.EsSettings] Elasticsearch listening on [HTTP: 127.0.0.1:9001, TCP: 127.0.0.1:40311]
2024.01.22 16:41:13 INFO  app[][o.s.a.ProcessLauncherImpl] Launch process[ELASTICSEARCH] from [/opt/sonarqube/elasticsearch]: /opt/java/openjdk/bin/java -Xms4m -Xmx64m -XX:+UseSerialGC -Dcli.name=server -Dcli.script=./bin/elasticsearch -Dcli.libs=lib/tools/server-cli -Des.path.home=/opt/sonarqube/elasticsearch -Des.path.conf=/opt/sonarqube/temp/conf/es -Des.distribution.type=tar -cp /opt/sonarqube/elasticsearch/lib/*:/opt/sonarqube/elasticsearch/lib/cli-launcher/* org.elasticsearch.launcher.CliToolLauncher
2024.01.22 16:41:13 INFO  app[][o.s.a.SchedulerImpl] Waiting for Elasticsearch to be up and running
2024.01.22 16:41:21 INFO  app[][o.s.a.SchedulerImpl] Process[es] is up
2024.01.22 16:41:21 INFO  app[][o.s.a.ProcessLauncherImpl] Launch process[WEB_SERVER] from [/opt/sonarqube]: /opt/java/openjdk/bin/java -Djava.awt.headless=true -Dfile.encoding=UTF-8 -Djava.io.tmpdir=/opt/sonarqube/temp -XX:-OmitStackTraceInFastThrow --add-opens=java.base/java.util=ALL-UNNAMED --add-opens=java.base/java.lang=ALL-UNNAMED --add-opens=java.base/java.io=ALL-UNNAMED --add-opens=java.rmi/sun.rmi.transport=ALL-UNNAMED --add-exports=java.base/jdk.internal.ref=ALL-UNNAMED --add-opens=java.base/java.nio=ALL-UNNAMED --add-opens=java.base/sun.nio.ch=ALL-UNNAMED --add-opens=java.management/sun.management=ALL-UNNAMED --add-opens=jdk.management/com.sun.management.internal=ALL-UNNAMED -Dcom.redhat.fips=false -Xmx512m -Xms128m -XX:+HeapDumpOnOutOfMemoryError -Dhttp.nonProxyHosts=localhost|127.*|[::1] -cp ./lib/sonar-application-10.3.0.82913.jar:/opt/sonarqube/lib/jdbc/postgresql/postgresql-42.6.0.jar org.sonar.server.app.WebServer /opt/sonarqube/temp/sq-process6437765668113052713properties
2024.01.22 16:41:23 INFO  app[][o.s.a.SchedulerImpl] Process[Web Server] is stopped
2024.01.22 16:41:23 WARN  app[][o.s.a.p.AbstractManagedProcess] Process exited with exit value [ElasticSearch]: 143
2024.01.22 16:41:23 INFO  app[][o.s.a.SchedulerImpl] Process[ElasticSearch] is stopped
2024.01.22 16:41:23 INFO  app[][o.s.a.SchedulerImpl] SonarQube is stopped
2024.01.22 16:41:24 INFO  app[][o.s.a.AppFileSystem] Cleaning or creating temp directory /opt/sonarqube/temp
2024.01.22 16:41:24 INFO  app[][o.s.a.es.EsSettings] Elasticsearch listening on [HTTP: 127.0.0.1:9001, TCP: 127.0.0.1:43071]
2024.01.22 16:41:24 INFO  app[][o.s.a.ProcessLauncherImpl] Launch process[ELASTICSEARCH] from [/opt/sonarqube/elasticsearch]: /opt/java/openjdk/bin/java -Xms4m -Xmx64m -XX:+UseSerialGC -Dcli.name=server -Dcli.script=./bin/elasticsearch -Dcli.libs=lib/tools/server-cli -Des.path.home=/opt/sonarqube/elasticsearch -Des.path.conf=/opt/sonarqube/temp/conf/es -Des.distribution.type=tar -cp /opt/sonarqube/elasticsearch/lib/*:/opt/sonarqube/elasticsearch/lib/cli-launcher/* org.elasticsearch.launcher.CliToolLauncher
2024.01.22 16:41:24 INFO  app[][o.s.a.SchedulerImpl] Waiting for Elasticsearch to be up and running
2024.01.22 16:41:33 INFO  app[][o.s.a.SchedulerImpl] Process[es] is up
2024.01.22 16:41:33 INFO  app[][o.s.a.ProcessLauncherImpl] Launch process[WEB_SERVER] from [/opt/sonarqube]: /opt/java/openjdk/bin/java -Djava.awt.headless=true -Dfile.encoding=UTF-8 -Djava.io.tmpdir=/opt/sonarqube/temp -XX:-OmitStackTraceInFastThrow --add-opens=java.base/java.util=ALL-UNNAMED --add-opens=java.base/java.lang=ALL-UNNAMED --add-opens=java.base/java.io=ALL-UNNAMED --add-opens=java.rmi/sun.rmi.transport=ALL-UNNAMED --add-exports=java.base/jdk.internal.ref=ALL-UNNAMED --add-opens=java.base/java.nio=ALL-UNNAMED --add-opens=java.base/sun.nio.ch=ALL-UNNAMED --add-opens=java.management/sun.management=ALL-UNNAMED --add-opens=jdk.management/com.sun.management.internal=ALL-UNNAMED -Dcom.redhat.fips=false -Xmx512m -Xms128m -XX:+HeapDumpOnOutOfMemoryError -Dhttp.nonProxyHosts=localhost|127.*|[::1] -cp ./lib/sonar-application-10.3.0.82913.jar:/opt/sonarqube/lib/jdbc/postgresql/postgresql-42.6.0.jar org.sonar.server.app.WebServer /opt/sonarqube/temp/sq-process8378204593331218328properties
2024.01.22 16:41:36 INFO  app[][o.s.a.SchedulerImpl] Process[Web Server] is stopped
2024.01.22 16:41:36 WARN  app[][o.s.a.p.AbstractManagedProcess] Process exited with exit value [ElasticSearch]: 143
2024.01.22 16:41:36 INFO  app[][o.s.a.SchedulerImpl] Process[ElasticSearch] is stopped
2024.01.22 16:41:36 INFO  app[][o.s.a.SchedulerImpl] SonarQube is stopped
2024.01.22 16:41:37 INFO  app[][o.s.a.AppFileSystem] Cleaning or creating temp directory /opt/sonarqube/temp
2024.01.22 16:41:37 INFO  app[][o.s.a.es.EsSettings] Elasticsearch listening on [HTTP: 127.0.0.1:9001, TCP: 127.0.0.1:46051]
2024.01.22 16:41:37 INFO  app[][o.s.a.ProcessLauncherImpl] Launch process[ELASTICSEARCH] from [/opt/sonarqube/elasticsearch]: /opt/java/openjdk/bin/java -Xms4m -Xmx64m -XX:+UseSerialGC -Dcli.name=server -Dcli.script=./bin/elasticsearch -Dcli.libs=lib/tools/server-cli -Des.path.home=/opt/sonarqube/elasticsearch -Des.path.conf=/opt/sonarqube/temp/conf/es -Des.distribution.type=tar -cp /opt/sonarqube/elasticsearch/lib/*:/opt/sonarqube/elasticsearch/lib/cli-launcher/* org.elasticsearch.launcher.CliToolLauncher
2024.01.22 16:41:37 INFO  app[][o.s.a.SchedulerImpl] Waiting for Elasticsearch to be up and running
2024.01.22 16:41:44 INFO  app[][o.s.a.SchedulerImpl] Process[es] is up
2024.01.22 16:41:44 INFO  app[][o.s.a.ProcessLauncherImpl] Launch process[WEB_SERVER] from [/opt/sonarqube]: /opt/java/openjdk/bin/java -Djava.awt.headless=true -Dfile.encoding=UTF-8 -Djava.io.tmpdir=/opt/sonarqube/temp -XX:-OmitStackTraceInFastThrow --add-opens=java.base/java.util=ALL-UNNAMED --add-opens=java.base/java.lang=ALL-UNNAMED --add-opens=java.base/java.io=ALL-UNNAMED --add-opens=java.rmi/sun.rmi.transport=ALL-UNNAMED --add-exports=java.base/jdk.internal.ref=ALL-UNNAMED --add-opens=java.base/java.nio=ALL-UNNAMED --add-opens=java.base/sun.nio.ch=ALL-UNNAMED --add-opens=java.management/sun.management=ALL-UNNAMED --add-opens=jdk.management/com.sun.management.internal=ALL-UNNAMED -Dcom.redhat.fips=false -Xmx512m -Xms128m -XX:+HeapDumpOnOutOfMemoryError -Dhttp.nonProxyHosts=localhost|127.*|[::1] -cp ./lib/sonar-application-10.3.0.82913.jar:/opt/sonarqube/lib/jdbc/postgresql/postgresql-42.6.0.jar org.sonar.server.app.WebServer /opt/sonarqube/temp/sq-process16942901534628014262properties
2024.01.22 16:41:47 INFO  app[][o.s.a.SchedulerImpl] Process[Web Server] is stopped
2024.01.22 16:41:47 WARN  app[][o.s.a.p.AbstractManagedProcess] Process exited with exit value [ElasticSearch]: 143
2024.01.22 16:41:47 INFO  app[][o.s.a.SchedulerImpl] Process[ElasticSearch] is stopped
2024.01.22 16:41:47 INFO  app[][o.s.a.SchedulerImpl] SonarQube is stopped
2024.01.22 16:41:48 INFO  app[][o.s.a.AppFileSystem] Cleaning or creating temp directory /opt/sonarqube/temp
2024.01.22 16:41:48 INFO  app[][o.s.a.es.EsSettings] Elasticsearch listening on [HTTP: 127.0.0.1:9001, TCP: 127.0.0.1:45541]
2024.01.22 16:41:48 INFO  app[][o.s.a.ProcessLauncherImpl] Launch process[ELASTICSEARCH] from [/opt/sonarqube/elasticsearch]: /opt/java/openjdk/bin/java -Xms4m -Xmx64m -XX:+UseSerialGC -Dcli.name=server -Dcli.script=./bin/elasticsearch -Dcli.libs=lib/tools/server-cli -Des.path.home=/opt/sonarqube/elasticsearch -Des.path.conf=/opt/sonarqube/temp/conf/es -Des.distribution.type=tar -cp /opt/sonarqube/elasticsearch/lib/*:/opt/sonarqube/elasticsearch/lib/cli-launcher/* org.elasticsearch.launcher.CliToolLauncher
2024.01.22 16:41:48 INFO  app[][o.s.a.SchedulerImpl] Waiting for Elasticsearch to be up and running
2024.01.22 16:41:56 INFO  app[][o.s.a.SchedulerImpl] Process[es] is up
2024.01.22 16:41:56 INFO  app[][o.s.a.ProcessLauncherImpl] Launch process[WEB_SERVER] from [/opt/sonarqube]: /opt/java/openjdk/bin/java -Djava.awt.headless=true -Dfile.encoding=UTF-8 -Djava.io.tmpdir=/opt/sonarqube/temp -XX:-OmitStackTraceInFastThrow --add-opens=java.base/java.util=ALL-UNNAMED --add-opens=java.base/java.lang=ALL-UNNAMED --add-opens=java.base/java.io=ALL-UNNAMED --add-opens=java.rmi/sun.rmi.transport=ALL-UNNAMED --add-exports=java.base/jdk.internal.ref=ALL-UNNAMED --add-opens=java.base/java.nio=ALL-UNNAMED --add-opens=java.base/sun.nio.ch=ALL-UNNAMED --add-opens=java.management/sun.management=ALL-UNNAMED --add-opens=jdk.management/com.sun.management.internal=ALL-UNNAMED -Dcom.redhat.fips=false -Xmx512m -Xms128m -XX:+HeapDumpOnOutOfMemoryError -Dhttp.nonProxyHosts=localhost|127.*|[::1] -cp ./lib/sonar-application-10.3.0.82913.jar:/opt/sonarqube/lib/jdbc/postgresql/postgresql-42.6.0.jar org.sonar.server.app.WebServer /opt/sonarqube/temp/sq-process1627862329010097310properties
2024.01.22 16:41:58 INFO  app[][o.s.a.SchedulerImpl] Process[Web Server] is stopped
2024.01.22 16:41:59 WARN  app[][o.s.a.p.AbstractManagedProcess] Process exited with exit value [ElasticSearch]: 143
2024.01.22 16:41:59 INFO  app[][o.s.a.SchedulerImpl] Process[ElasticSearch] is stopped
2024.01.22 16:41:59 INFO  app[][o.s.a.SchedulerImpl] SonarQube is stopped
2024.01.22 16:41:59 INFO  app[][o.s.a.AppFileSystem] Cleaning or creating temp directory /opt/sonarqube/temp
2024.01.22 16:41:59 INFO  app[][o.s.a.es.EsSettings] Elasticsearch listening on [HTTP: 127.0.0.1:9001, TCP: 127.0.0.1:42511]
2024.01.22 16:41:59 INFO  app[][o.s.a.ProcessLauncherImpl] Launch process[ELASTICSEARCH] from [/opt/sonarqube/elasticsearch]: /opt/java/openjdk/bin/java -Xms4m -Xmx64m -XX:+UseSerialGC -Dcli.name=server -Dcli.script=./bin/elasticsearch -Dcli.libs=lib/tools/server-cli -Des.path.home=/opt/sonarqube/elasticsearch -Des.path.conf=/opt/sonarqube/temp/conf/es -Des.distribution.type=tar -cp /opt/sonarqube/elasticsearch/lib/*:/opt/sonarqube/elasticsearch/lib/cli-launcher/* org.elasticsearch.launcher.CliToolLauncher
2024.01.22 16:41:59 INFO  app[][o.s.a.SchedulerImpl] Waiting for Elasticsearch to be up and running
2024.01.22 16:42:07 INFO  app[][o.s.a.SchedulerImpl] Process[es] is up
2024.01.22 16:42:07 INFO  app[][o.s.a.ProcessLauncherImpl] Launch process[WEB_SERVER] from [/opt/sonarqube]: /opt/java/openjdk/bin/java -Djava.awt.headless=true -Dfile.encoding=UTF-8 -Djava.io.tmpdir=/opt/sonarqube/temp -XX:-OmitStackTraceInFastThrow --add-opens=java.base/java.util=ALL-UNNAMED --add-opens=java.base/java.lang=ALL-UNNAMED --add-opens=java.base/java.io=ALL-UNNAMED --add-opens=java.rmi/sun.rmi.transport=ALL-UNNAMED --add-exports=java.base/jdk.internal.ref=ALL-UNNAMED --add-opens=java.base/java.nio=ALL-UNNAMED --add-opens=java.base/sun.nio.ch=ALL-UNNAMED --add-opens=java.management/sun.management=ALL-UNNAMED --add-opens=jdk.management/com.sun.management.internal=ALL-UNNAMED -Dcom.redhat.fips=false -Xmx512m -Xms128m -XX:+HeapDumpOnOutOfMemoryError -Dhttp.nonProxyHosts=localhost|127.*|[::1] -cp ./lib/sonar-application-10.3.0.82913.jar:/opt/sonarqube/lib/jdbc/postgresql/postgresql-42.6.0.jar org.sonar.server.app.WebServer /opt/sonarqube/temp/sq-process2620578992157820706properties
2024.01.22 16:42:10 INFO  app[][o.s.a.SchedulerImpl] Process[Web Server] is stopped
2024.01.22 16:42:10 WARN  app[][o.s.a.p.AbstractManagedProcess] Process exited with exit value [ElasticSearch]: 143
2024.01.22 16:42:10 INFO  app[][o.s.a.SchedulerImpl] Process[ElasticSearch] is stopped
2024.01.22 16:42:10 INFO  app[][o.s.a.SchedulerImpl] SonarQube is stopped
2024.01.22 16:42:10 INFO  app[][o.s.a.AppFileSystem] Cleaning or creating temp directory /opt/sonarqube/temp
2024.01.22 16:42:10 INFO  app[][o.s.a.es.EsSettings] Elasticsearch listening on [HTTP: 127.0.0.1:9001, TCP: 127.0.0.1:41239]
2024.01.22 16:42:10 INFO  app[][o.s.a.ProcessLauncherImpl] Launch process[ELASTICSEARCH] from [/opt/sonarqube/elasticsearch]: /opt/java/openjdk/bin/java -Xms4m -Xmx64m -XX:+UseSerialGC -Dcli.name=server -Dcli.script=./bin/elasticsearch -Dcli.libs=lib/tools/server-cli -Des.path.home=/opt/sonarqube/elasticsearch -Des.path.conf=/opt/sonarqube/temp/conf/es -Des.distribution.type=tar -cp /opt/sonarqube/elasticsearch/lib/*:/opt/sonarqube/elasticsearch/lib/cli-launcher/* org.elasticsearch.launcher.CliToolLauncher
2024.01.22 16:42:10 INFO  app[][o.s.a.SchedulerImpl] Waiting for Elasticsearch to be up and running
2024.01.22 16:42:18 INFO  app[][o.s.a.SchedulerImpl] Process[es] is up
2024.01.22 16:42:18 INFO  app[][o.s.a.ProcessLauncherImpl] Launch process[WEB_SERVER] from [/opt/sonarqube]: /opt/java/openjdk/bin/java -Djava.awt.headless=true -Dfile.encoding=UTF-8 -Djava.io.tmpdir=/opt/sonarqube/temp -XX:-OmitStackTraceInFastThrow --add-opens=java.base/java.util=ALL-UNNAMED --add-opens=java.base/java.lang=ALL-UNNAMED --add-opens=java.base/java.io=ALL-UNNAMED --add-opens=java.rmi/sun.rmi.transport=ALL-UNNAMED --add-exports=java.base/jdk.internal.ref=ALL-UNNAMED --add-opens=java.base/java.nio=ALL-UNNAMED --add-opens=java.base/sun.nio.ch=ALL-UNNAMED --add-opens=java.management/sun.management=ALL-UNNAMED --add-opens=jdk.management/com.sun.management.internal=ALL-UNNAMED -Dcom.redhat.fips=false -Xmx512m -Xms128m -XX:+HeapDumpOnOutOfMemoryError -Dhttp.nonProxyHosts=localhost|127.*|[::1] -cp ./lib/sonar-application-10.3.0.82913.jar:/opt/sonarqube/lib/jdbc/postgresql/postgresql-42.6.0.jar org.sonar.server.app.WebServer /opt/sonarqube/temp/sq-process13310455507300763728properties
2024.01.22 16:42:21 INFO  app[][o.s.a.SchedulerImpl] Process[Web Server] is stopped
2024.01.22 16:42:21 INFO  app[][o.s.a.SchedulerImpl] Process[ElasticSearch] is stopped
2024.01.22 16:42:21 WARN  app[][o.s.a.p.AbstractManagedProcess] Process exited with exit value [ElasticSearch]: 143
2024.01.22 16:42:21 INFO  app[][o.s.a.SchedulerImpl] SonarQube is stopped
2024.01.22 16:42:21 INFO  app[][o.s.a.AppFileSystem] Cleaning or creating temp directory /opt/sonarqube/temp
2024.01.22 16:42:21 INFO  app[][o.s.a.es.EsSettings] Elasticsearch listening on [HTTP: 127.0.0.1:9001, TCP: 127.0.0.1:34189]
2024.01.22 16:42:21 INFO  app[][o.s.a.ProcessLauncherImpl] Launch process[ELASTICSEARCH] from [/opt/sonarqube/elasticsearch]: /opt/java/openjdk/bin/java -Xms4m -Xmx64m -XX:+UseSerialGC -Dcli.name=server -Dcli.script=./bin/elasticsearch -Dcli.libs=lib/tools/server-cli -Des.path.home=/opt/sonarqube/elasticsearch -Des.path.conf=/opt/sonarqube/temp/conf/es -Des.distribution.type=tar -cp /opt/sonarqube/elasticsearch/lib/*:/opt/sonarqube/elasticsearch/lib/cli-launcher/* org.elasticsearch.launcher.CliToolLauncher
2024.01.22 16:42:21 INFO  app[][o.s.a.SchedulerImpl] Waiting for Elasticsearch to be up and running
2024.01.22 16:42:30 INFO  app[][o.s.a.SchedulerImpl] Process[es] is up
2024.01.22 16:42:30 INFO  app[][o.s.a.ProcessLauncherImpl] Launch process[WEB_SERVER] from [/opt/sonarqube]: /opt/java/openjdk/bin/java -Djava.awt.headless=true -Dfile.encoding=UTF-8 -Djava.io.tmpdir=/opt/sonarqube/temp -XX:-OmitStackTraceInFastThrow --add-opens=java.base/java.util=ALL-UNNAMED --add-opens=java.base/java.lang=ALL-UNNAMED --add-opens=java.base/java.io=ALL-UNNAMED --add-opens=java.rmi/sun.rmi.transport=ALL-UNNAMED --add-exports=java.base/jdk.internal.ref=ALL-UNNAMED --add-opens=java.base/java.nio=ALL-UNNAMED --add-opens=java.base/sun.nio.ch=ALL-UNNAMED --add-opens=java.management/sun.management=ALL-UNNAMED --add-opens=jdk.management/com.sun.management.internal=ALL-UNNAMED -Dcom.redhat.fips=false -Xmx512m -Xms128m -XX:+HeapDumpOnOutOfMemoryError -Dhttp.nonProxyHosts=localhost|127.*|[::1] -cp ./lib/sonar-application-10.3.0.82913.jar:/opt/sonarqube/lib/jdbc/postgresql/postgresql-42.6.0.jar org.sonar.server.app.WebServer /opt/sonarqube/temp/sq-process13703527160533678137properties
2024.01.22 16:42:32 INFO  app[][o.s.a.SchedulerImpl] Process[Web Server] is stopped
2024.01.22 16:42:32 WARN  app[][o.s.a.p.AbstractManagedProcess] Process exited with exit value [ElasticSearch]: 143
2024.01.22 16:42:32 INFO  app[][o.s.a.SchedulerImpl] Process[ElasticSearch] is stopped
2024.01.22 16:42:32 INFO  app[][o.s.a.SchedulerImpl] SonarQube is stopped
2024.01.22 16:42:33 INFO  app[][o.s.a.AppFileSystem] Cleaning or creating temp directory /opt/sonarqube/temp
2024.01.22 16:42:33 INFO  app[][o.s.a.es.EsSettings] Elasticsearch listening on [HTTP: 127.0.0.1:9001, TCP: 127.0.0.1:38627]
2024.01.22 16:42:33 INFO  app[][o.s.a.ProcessLauncherImpl] Launch process[ELASTICSEARCH] from [/opt/sonarqube/elasticsearch]: /opt/java/openjdk/bin/java -Xms4m -Xmx64m -XX:+UseSerialGC -Dcli.name=server -Dcli.script=./bin/elasticsearch -Dcli.libs=lib/tools/server-cli -Des.path.home=/opt/sonarqube/elasticsearch -Des.path.conf=/opt/sonarqube/temp/conf/es -Des.distribution.type=tar -cp /opt/sonarqube/elasticsearch/lib/*:/opt/sonarqube/elasticsearch/lib/cli-launcher/* org.elasticsearch.launcher.CliToolLauncher
2024.01.22 16:42:33 INFO  app[][o.s.a.SchedulerImpl] Waiting for Elasticsearch to be up and running
2024.01.22 16:42:41 INFO  app[][o.s.a.SchedulerImpl] Process[es] is up
2024.01.22 16:42:41 INFO  app[][o.s.a.ProcessLauncherImpl] Launch process[WEB_SERVER] from [/opt/sonarqube]: /opt/java/openjdk/bin/java -Djava.awt.headless=true -Dfile.encoding=UTF-8 -Djava.io.tmpdir=/opt/sonarqube/temp -XX:-OmitStackTraceInFastThrow --add-opens=java.base/java.util=ALL-UNNAMED --add-opens=java.base/java.lang=ALL-UNNAMED --add-opens=java.base/java.io=ALL-UNNAMED --add-opens=java.rmi/sun.rmi.transport=ALL-UNNAMED --add-exports=java.base/jdk.internal.ref=ALL-UNNAMED --add-opens=java.base/java.nio=ALL-UNNAMED --add-opens=java.base/sun.nio.ch=ALL-UNNAMED --add-opens=java.management/sun.management=ALL-UNNAMED --add-opens=jdk.management/com.sun.management.internal=ALL-UNNAMED -Dcom.redhat.fips=false -Xmx512m -Xms128m -XX:+HeapDumpOnOutOfMemoryError -Dhttp.nonProxyHosts=localhost|127.*|[::1] -cp ./lib/sonar-application-10.3.0.82913.jar:/opt/sonarqube/lib/jdbc/postgresql/postgresql-42.6.0.jar org.sonar.server.app.WebServer /opt/sonarqube/temp/sq-process16345256310335222561properties
2024.01.22 16:42:44 INFO  app[][o.s.a.SchedulerImpl] Process[Web Server] is stopped
2024.01.22 16:42:44 INFO  app[][o.s.a.SchedulerImpl] Process[ElasticSearch] is stopped
2024.01.22 16:42:44 WARN  app[][o.s.a.p.AbstractManagedProcess] Process exited with exit value [ElasticSearch]: 143
2024.01.22 16:42:44 INFO  app[][o.s.a.SchedulerImpl] SonarQube is stopped
2024.01.22 16:42:45 INFO  app[][o.s.a.AppFileSystem] Cleaning or creating temp directory /opt/sonarqube/temp
2024.01.22 16:42:45 INFO  app[][o.s.a.es.EsSettings] Elasticsearch listening on [HTTP: 127.0.0.1:9001, TCP: 127.0.0.1:34717]
2024.01.22 16:42:45 INFO  app[][o.s.a.ProcessLauncherImpl] Launch process[ELASTICSEARCH] from [/opt/sonarqube/elasticsearch]: /opt/java/openjdk/bin/java -Xms4m -Xmx64m -XX:+UseSerialGC -Dcli.name=server -Dcli.script=./bin/elasticsearch -Dcli.libs=lib/tools/server-cli -Des.path.home=/opt/sonarqube/elasticsearch -Des.path.conf=/opt/sonarqube/temp/conf/es -Des.distribution.type=tar -cp /opt/sonarqube/elasticsearch/lib/*:/opt/sonarqube/elasticsearch/lib/cli-launcher/* org.elasticsearch.launcher.CliToolLauncher
2024.01.22 16:42:45 INFO  app[][o.s.a.SchedulerImpl] Waiting for Elasticsearch to be up and running
2024.01.22 16:42:53 INFO  app[][o.s.a.SchedulerImpl] Process[es] is up
2024.01.22 16:42:53 INFO  app[][o.s.a.ProcessLauncherImpl] Launch process[WEB_SERVER] from [/opt/sonarqube]: /opt/java/openjdk/bin/java -Djava.awt.headless=true -Dfile.encoding=UTF-8 -Djava.io.tmpdir=/opt/sonarqube/temp -XX:-OmitStackTraceInFastThrow --add-opens=java.base/java.util=ALL-UNNAMED --add-opens=java.base/java.lang=ALL-UNNAMED --add-opens=java.base/java.io=ALL-UNNAMED --add-opens=java.rmi/sun.rmi.transport=ALL-UNNAMED --add-exports=java.base/jdk.internal.ref=ALL-UNNAMED --add-opens=java.base/java.nio=ALL-UNNAMED --add-opens=java.base/sun.nio.ch=ALL-UNNAMED --add-opens=java.management/sun.management=ALL-UNNAMED --add-opens=jdk.management/com.sun.management.internal=ALL-UNNAMED -Dcom.redhat.fips=false -Xmx512m -Xms128m -XX:+HeapDumpOnOutOfMemoryError -Dhttp.nonProxyHosts=localhost|127.*|[::1] -cp ./lib/sonar-application-10.3.0.82913.jar:/opt/sonarqube/lib/jdbc/postgresql/postgresql-42.6.0.jar org.sonar.server.app.WebServer /opt/sonarqube/temp/sq-process18072275775629536014properties
2024.01.22 16:42:56 INFO  app[][o.s.a.SchedulerImpl] Process[Web Server] is stopped
2024.01.22 16:42:56 INFO  app[][o.s.a.SchedulerImpl] Process[ElasticSearch] is stopped
2024.01.22 16:42:56 WARN  app[][o.s.a.p.AbstractManagedProcess] Process exited with exit value [ElasticSearch]: 143
2024.01.22 16:42:56 INFO  app[][o.s.a.SchedulerImpl] SonarQube is stopped
2024.01.22 16:42:57 INFO  app[][o.s.a.AppFileSystem] Cleaning or creating temp directory /opt/sonarqube/temp
2024.01.22 16:42:57 INFO  app[][o.s.a.es.EsSettings] Elasticsearch listening on [HTTP: 127.0.0.1:9001, TCP: 127.0.0.1:41857]
2024.01.22 16:42:57 INFO  app[][o.s.a.ProcessLauncherImpl] Launch process[ELASTICSEARCH] from [/opt/sonarqube/elasticsearch]: /opt/java/openjdk/bin/java -Xms4m -Xmx64m -XX:+UseSerialGC -Dcli.name=server -Dcli.script=./bin/elasticsearch -Dcli.libs=lib/tools/server-cli -Des.path.home=/opt/sonarqube/elasticsearch -Des.path.conf=/opt/sonarqube/temp/conf/es -Des.distribution.type=tar -cp /opt/sonarqube/elasticsearch/lib/*:/opt/sonarqube/elasticsearch/lib/cli-launcher/* org.elasticsearch.launcher.CliToolLauncher
2024.01.22 16:42:57 INFO  app[][o.s.a.SchedulerImpl] Waiting for Elasticsearch to be up and running
2024.01.22 16:43:05 INFO  app[][o.s.a.SchedulerImpl] Process[es] is up
2024.01.22 16:43:05 INFO  app[][o.s.a.ProcessLauncherImpl] Launch process[WEB_SERVER] from [/opt/sonarqube]: /opt/java/openjdk/bin/java -Djava.awt.headless=true -Dfile.encoding=UTF-8 -Djava.io.tmpdir=/opt/sonarqube/temp -XX:-OmitStackTraceInFastThrow --add-opens=java.base/java.util=ALL-UNNAMED --add-opens=java.base/java.lang=ALL-UNNAMED --add-opens=java.base/java.io=ALL-UNNAMED --add-opens=java.rmi/sun.rmi.transport=ALL-UNNAMED --add-exports=java.base/jdk.internal.ref=ALL-UNNAMED --add-opens=java.base/java.nio=ALL-UNNAMED --add-opens=java.base/sun.nio.ch=ALL-UNNAMED --add-opens=java.management/sun.management=ALL-UNNAMED --add-opens=jdk.management/com.sun.management.internal=ALL-UNNAMED -Dcom.redhat.fips=false -Xmx512m -Xms128m -XX:+HeapDumpOnOutOfMemoryError -Dhttp.nonProxyHosts=localhost|127.*|[::1] -cp ./lib/sonar-application-10.3.0.82913.jar:/opt/sonarqube/lib/jdbc/postgresql/postgresql-42.6.0.jar org.sonar.server.app.WebServer /opt/sonarqube/temp/sq-process11023542185570106078properties
2024.01.22 16:43:08 INFO  app[][o.s.a.SchedulerImpl] Process[Web Server] is stopped
2024.01.22 16:43:08 WARN  app[][o.s.a.p.AbstractManagedProcess] Process exited with exit value [ElasticSearch]: 143
2024.01.22 16:43:08 INFO  app[][o.s.a.SchedulerImpl] Process[ElasticSearch] is stopped
2024.01.22 16:43:08 INFO  app[][o.s.a.SchedulerImpl] SonarQube is stopped
2024.01.22 16:43:09 INFO  app[][o.s.a.AppFileSystem] Cleaning or creating temp directory /opt/sonarqube/temp
2024.01.22 16:43:09 INFO  app[][o.s.a.es.EsSettings] Elasticsearch listening on [HTTP: 127.0.0.1:9001, TCP: 127.0.0.1:36539]
2024.01.22 16:43:09 INFO  app[][o.s.a.ProcessLauncherImpl] Launch process[ELASTICSEARCH] from [/opt/sonarqube/elasticsearch]: /opt/java/openjdk/bin/java -Xms4m -Xmx64m -XX:+UseSerialGC -Dcli.name=server -Dcli.script=./bin/elasticsearch -Dcli.libs=lib/tools/server-cli -Des.path.home=/opt/sonarqube/elasticsearch -Des.path.conf=/opt/sonarqube/temp/conf/es -Des.distribution.type=tar -cp /opt/sonarqube/elasticsearch/lib/*:/opt/sonarqube/elasticsearch/lib/cli-launcher/* org.elasticsearch.launcher.CliToolLauncher
2024.01.22 16:43:09 INFO  app[][o.s.a.SchedulerImpl] Waiting for Elasticsearch to be up and running
2024.01.22 16:43:17 INFO  app[][o.s.a.SchedulerImpl] Process[es] is up
2024.01.22 16:43:17 INFO  app[][o.s.a.ProcessLauncherImpl] Launch process[WEB_SERVER] from [/opt/sonarqube]: /opt/java/openjdk/bin/java -Djava.awt.headless=true -Dfile.encoding=UTF-8 -Djava.io.tmpdir=/opt/sonarqube/temp -XX:-OmitStackTraceInFastThrow --add-opens=java.base/java.util=ALL-UNNAMED --add-opens=java.base/java.lang=ALL-UNNAMED --add-opens=java.base/java.io=ALL-UNNAMED --add-opens=java.rmi/sun.rmi.transport=ALL-UNNAMED --add-exports=java.base/jdk.internal.ref=ALL-UNNAMED --add-opens=java.base/java.nio=ALL-UNNAMED --add-opens=java.base/sun.nio.ch=ALL-UNNAMED --add-opens=java.management/sun.management=ALL-UNNAMED --add-opens=jdk.management/com.sun.management.internal=ALL-UNNAMED -Dcom.redhat.fips=false -Xmx512m -Xms128m -XX:+HeapDumpOnOutOfMemoryError -Dhttp.nonProxyHosts=localhost|127.*|[::1] -cp ./lib/sonar-application-10.3.0.82913.jar:/opt/sonarqube/lib/jdbc/postgresql/postgresql-42.6.0.jar org.sonar.server.app.WebServer /opt/sonarqube/temp/sq-process8794003348667065345properties
2024.01.22 16:43:19 INFO  app[][o.s.a.SchedulerImpl] Process[Web Server] is stopped
2024.01.22 16:43:20 WARN  app[][o.s.a.p.AbstractManagedProcess] Process exited with exit value [ElasticSearch]: 143
2024.01.22 16:43:20 INFO  app[][o.s.a.SchedulerImpl] Process[ElasticSearch] is stopped
2024.01.22 16:43:20 INFO  app[][o.s.a.SchedulerImpl] SonarQube is stopped
2024.01.22 16:43:20 INFO  app[][o.s.a.AppFileSystem] Cleaning or creating temp directory /opt/sonarqube/temp
2024.01.22 16:43:20 INFO  app[][o.s.a.es.EsSettings] Elasticsearch listening on [HTTP: 127.0.0.1:9001, TCP: 127.0.0.1:44591]
2024.01.22 16:43:20 INFO  app[][o.s.a.ProcessLauncherImpl] Launch process[ELASTICSEARCH] from [/opt/sonarqube/elasticsearch]: /opt/java/openjdk/bin/java -Xms4m -Xmx64m -XX:+UseSerialGC -Dcli.name=server -Dcli.script=./bin/elasticsearch -Dcli.libs=lib/tools/server-cli -Des.path.home=/opt/sonarqube/elasticsearch -Des.path.conf=/opt/sonarqube/temp/conf/es -Des.distribution.type=tar -cp /opt/sonarqube/elasticsearch/lib/*:/opt/sonarqube/elasticsearch/lib/cli-launcher/* org.elasticsearch.launcher.CliToolLauncher
2024.01.22 16:43:20 INFO  app[][o.s.a.SchedulerImpl] Waiting for Elasticsearch to be up and running
2024.01.22 16:43:28 INFO  app[][o.s.a.SchedulerImpl] Process[es] is up
2024.01.22 16:43:28 INFO  app[][o.s.a.ProcessLauncherImpl] Launch process[WEB_SERVER] from [/opt/sonarqube]: /opt/java/openjdk/bin/java -Djava.awt.headless=true -Dfile.encoding=UTF-8 -Djava.io.tmpdir=/opt/sonarqube/temp -XX:-OmitStackTraceInFastThrow --add-opens=java.base/java.util=ALL-UNNAMED --add-opens=java.base/java.lang=ALL-UNNAMED --add-opens=java.base/java.io=ALL-UNNAMED --add-opens=java.rmi/sun.rmi.transport=ALL-UNNAMED --add-exports=java.base/jdk.internal.ref=ALL-UNNAMED --add-opens=java.base/java.nio=ALL-UNNAMED --add-opens=java.base/sun.nio.ch=ALL-UNNAMED --add-opens=java.management/sun.management=ALL-UNNAMED --add-opens=jdk.management/com.sun.management.internal=ALL-UNNAMED -Dcom.redhat.fips=false -Xmx512m -Xms128m -XX:+HeapDumpOnOutOfMemoryError -Dhttp.nonProxyHosts=localhost|127.*|[::1] -cp ./lib/sonar-application-10.3.0.82913.jar:/opt/sonarqube/lib/jdbc/postgresql/postgresql-42.6.0.jar org.sonar.server.app.WebServer /opt/sonarqube/temp/sq-process15165792218359167636properties
2024.01.22 16:43:31 INFO  app[][o.s.a.SchedulerImpl] Process[Web Server] is stopped
2024.01.22 16:43:31 INFO  app[][o.s.a.SchedulerImpl] Process[ElasticSearch] is stopped
2024.01.22 16:43:31 WARN  app[][o.s.a.p.AbstractManagedProcess] Process exited with exit value [ElasticSearch]: 143
2024.01.22 16:43:31 INFO  app[][o.s.a.SchedulerImpl] SonarQube is stopped
2024.01.22 16:43:32 INFO  app[][o.s.a.AppFileSystem] Cleaning or creating temp directory /opt/sonarqube/temp
2024.01.22 16:43:32 INFO  app[][o.s.a.es.EsSettings] Elasticsearch listening on [HTTP: 127.0.0.1:9001, TCP: 127.0.0.1:38677]
2024.01.22 16:43:32 INFO  app[][o.s.a.ProcessLauncherImpl] Launch process[ELASTICSEARCH] from [/opt/sonarqube/elasticsearch]: /opt/java/openjdk/bin/java -Xms4m -Xmx64m -XX:+UseSerialGC -Dcli.name=server -Dcli.script=./bin/elasticsearch -Dcli.libs=lib/tools/server-cli -Des.path.home=/opt/sonarqube/elasticsearch -Des.path.conf=/opt/sonarqube/temp/conf/es -Des.distribution.type=tar -cp /opt/sonarqube/elasticsearch/lib/*:/opt/sonarqube/elasticsearch/lib/cli-launcher/* org.elasticsearch.launcher.CliToolLauncher
2024.01.22 16:43:32 INFO  app[][o.s.a.SchedulerImpl] Waiting for Elasticsearch to be up and running
2024.01.22 16:43:39 INFO  app[][o.s.a.SchedulerImpl] Process[es] is up
2024.01.22 16:43:39 INFO  app[][o.s.a.ProcessLauncherImpl] Launch process[WEB_SERVER] from [/opt/sonarqube]: /opt/java/openjdk/bin/java -Djava.awt.headless=true -Dfile.encoding=UTF-8 -Djava.io.tmpdir=/opt/sonarqube/temp -XX:-OmitStackTraceInFastThrow --add-opens=java.base/java.util=ALL-UNNAMED --add-opens=java.base/java.lang=ALL-UNNAMED --add-opens=java.base/java.io=ALL-UNNAMED --add-opens=java.rmi/sun.rmi.transport=ALL-UNNAMED --add-exports=java.base/jdk.internal.ref=ALL-UNNAMED --add-opens=java.base/java.nio=ALL-UNNAMED --add-opens=java.base/sun.nio.ch=ALL-UNNAMED --add-opens=java.management/sun.management=ALL-UNNAMED --add-opens=jdk.management/com.sun.management.internal=ALL-UNNAMED -Dcom.redhat.fips=false -Xmx512m -Xms128m -XX:+HeapDumpOnOutOfMemoryError -Dhttp.nonProxyHosts=localhost|127.*|[::1] -cp ./lib/sonar-application-10.3.0.82913.jar:/opt/sonarqube/lib/jdbc/postgresql/postgresql-42.6.0.jar org.sonar.server.app.WebServer /opt/sonarqube/temp/sq-process17931122946037380392properties
2024.01.22 16:43:42 INFO  app[][o.s.a.SchedulerImpl] Process[Web Server] is stopped
2024.01.22 16:43:42 WARN  app[][o.s.a.p.AbstractManagedProcess] Process exited with exit value [ElasticSearch]: 143
2024.01.22 16:43:42 INFO  app[][o.s.a.SchedulerImpl] Process[ElasticSearch] is stopped
2024.01.22 16:43:42 INFO  app[][o.s.a.SchedulerImpl] SonarQube is stopped
2024.01.22 16:43:42 INFO  app[][o.s.a.AppFileSystem] Cleaning or creating temp directory /opt/sonarqube/temp
2024.01.22 16:43:42 INFO  app[][o.s.a.es.EsSettings] Elasticsearch listening on [HTTP: 127.0.0.1:9001, TCP: 127.0.0.1:46165]
2024.01.22 16:43:43 INFO  app[][o.s.a.ProcessLauncherImpl] Launch process[ELASTICSEARCH] from [/opt/sonarqube/elasticsearch]: /opt/java/openjdk/bin/java -Xms4m -Xmx64m -XX:+UseSerialGC -Dcli.name=server -Dcli.script=./bin/elasticsearch -Dcli.libs=lib/tools/server-cli -Des.path.home=/opt/sonarqube/elasticsearch -Des.path.conf=/opt/sonarqube/temp/conf/es -Des.distribution.type=tar -cp /opt/sonarqube/elasticsearch/lib/*:/opt/sonarqube/elasticsearch/lib/cli-launcher/* org.elasticsearch.launcher.CliToolLauncher
2024.01.22 16:43:43 INFO  app[][o.s.a.SchedulerImpl] Waiting for Elasticsearch to be up and running
2024.01.22 16:43:50 INFO  app[][o.s.a.SchedulerImpl] Process[es] is up
2024.01.22 16:43:50 INFO  app[][o.s.a.ProcessLauncherImpl] Launch process[WEB_SERVER] from [/opt/sonarqube]: /opt/java/openjdk/bin/java -Djava.awt.headless=true -Dfile.encoding=UTF-8 -Djava.io.tmpdir=/opt/sonarqube/temp -XX:-OmitStackTraceInFastThrow --add-opens=java.base/java.util=ALL-UNNAMED --add-opens=java.base/java.lang=ALL-UNNAMED --add-opens=java.base/java.io=ALL-UNNAMED --add-opens=java.rmi/sun.rmi.transport=ALL-UNNAMED --add-exports=java.base/jdk.internal.ref=ALL-UNNAMED --add-opens=java.base/java.nio=ALL-UNNAMED --add-opens=java.base/sun.nio.ch=ALL-UNNAMED --add-opens=java.management/sun.management=ALL-UNNAMED --add-opens=jdk.management/com.sun.management.internal=ALL-UNNAMED -Dcom.redhat.fips=false -Xmx512m -Xms128m -XX:+HeapDumpOnOutOfMemoryError -Dhttp.nonProxyHosts=localhost|127.*|[::1] -cp ./lib/sonar-application-10.3.0.82913.jar:/opt/sonarqube/lib/jdbc/postgresql/postgresql-42.6.0.jar org.sonar.server.app.WebServer /opt/sonarqube/temp/sq-process17396706524367636874properties
2024.01.22 16:43:53 INFO  app[][o.s.a.SchedulerImpl] Process[Web Server] is stopped
2024.01.22 16:43:53 WARN  app[][o.s.a.p.AbstractManagedProcess] Process exited with exit value [ElasticSearch]: 143
2024.01.22 16:43:53 INFO  app[][o.s.a.SchedulerImpl] Process[ElasticSearch] is stopped
2024.01.22 16:43:53 INFO  app[][o.s.a.SchedulerImpl] SonarQube is stopped
2024.01.22 16:43:54 INFO  app[][o.s.a.AppFileSystem] Cleaning or creating temp directory /opt/sonarqube/temp
2024.01.22 16:43:54 INFO  app[][o.s.a.es.EsSettings] Elasticsearch listening on [HTTP: 127.0.0.1:9001, TCP: 127.0.0.1:37535]
2024.01.22 16:43:54 INFO  app[][o.s.a.ProcessLauncherImpl] Launch process[ELASTICSEARCH] from [/opt/sonarqube/elasticsearch]: /opt/java/openjdk/bin/java -Xms4m -Xmx64m -XX:+UseSerialGC -Dcli.name=server -Dcli.script=./bin/elasticsearch -Dcli.libs=lib/tools/server-cli -Des.path.home=/opt/sonarqube/elasticsearch -Des.path.conf=/opt/sonarqube/temp/conf/es -Des.distribution.type=tar -cp /opt/sonarqube/elasticsearch/lib/*:/opt/sonarqube/elasticsearch/lib/cli-launcher/* org.elasticsearch.launcher.CliToolLauncher
2024.01.22 16:43:54 INFO  app[][o.s.a.SchedulerImpl] Waiting for Elasticsearch to be up and running
2024.01.22 16:44:02 INFO  app[][o.s.a.SchedulerImpl] Process[es] is up
2024.01.22 16:44:02 INFO  app[][o.s.a.ProcessLauncherImpl] Launch process[WEB_SERVER] from [/opt/sonarqube]: /opt/java/openjdk/bin/java -Djava.awt.headless=true -Dfile.encoding=UTF-8 -Djava.io.tmpdir=/opt/sonarqube/temp -XX:-OmitStackTraceInFastThrow --add-opens=java.base/java.util=ALL-UNNAMED --add-opens=java.base/java.lang=ALL-UNNAMED --add-opens=java.base/java.io=ALL-UNNAMED --add-opens=java.rmi/sun.rmi.transport=ALL-UNNAMED --add-exports=java.base/jdk.internal.ref=ALL-UNNAMED --add-opens=java.base/java.nio=ALL-UNNAMED --add-opens=java.base/sun.nio.ch=ALL-UNNAMED --add-opens=java.management/sun.management=ALL-UNNAMED --add-opens=jdk.management/com.sun.management.internal=ALL-UNNAMED -Dcom.redhat.fips=false -Xmx512m -Xms128m -XX:+HeapDumpOnOutOfMemoryError -Dhttp.nonProxyHosts=localhost|127.*|[::1] -cp ./lib/sonar-application-10.3.0.82913.jar:/opt/sonarqube/lib/jdbc/postgresql/postgresql-42.6.0.jar org.sonar.server.app.WebServer /opt/sonarqube/temp/sq-process14329020253651723413properties
2024.01.22 16:44:05 INFO  app[][o.s.a.SchedulerImpl] Process[Web Server] is stopped
2024.01.22 16:44:05 WARN  app[][o.s.a.p.AbstractManagedProcess] Process exited with exit value [ElasticSearch]: 143
2024.01.22 16:44:05 INFO  app[][o.s.a.SchedulerImpl] Process[ElasticSearch] is stopped
2024.01.22 16:44:05 INFO  app[][o.s.a.SchedulerImpl] SonarQube is stopped
2024.01.22 16:44:05 INFO  app[][o.s.a.AppFileSystem] Cleaning or creating temp directory /opt/sonarqube/temp
2024.01.22 16:44:05 INFO  app[][o.s.a.es.EsSettings] Elasticsearch listening on [HTTP: 127.0.0.1:9001, TCP: 127.0.0.1:37991]
2024.01.22 16:44:05 INFO  app[][o.s.a.ProcessLauncherImpl] Launch process[ELASTICSEARCH] from [/opt/sonarqube/elasticsearch]: /opt/java/openjdk/bin/java -Xms4m -Xmx64m -XX:+UseSerialGC -Dcli.name=server -Dcli.script=./bin/elasticsearch -Dcli.libs=lib/tools/server-cli -Des.path.home=/opt/sonarqube/elasticsearch -Des.path.conf=/opt/sonarqube/temp/conf/es -Des.distribution.type=tar -cp /opt/sonarqube/elasticsearch/lib/*:/opt/sonarqube/elasticsearch/lib/cli-launcher/* org.elasticsearch.launcher.CliToolLauncher
2024.01.22 16:44:05 INFO  app[][o.s.a.SchedulerImpl] Waiting for Elasticsearch to be up and running
2024.01.22 16:44:13 INFO  app[][o.s.a.SchedulerImpl] Process[es] is up
2024.01.22 16:44:13 INFO  app[][o.s.a.ProcessLauncherImpl] Launch process[WEB_SERVER] from [/opt/sonarqube]: /opt/java/openjdk/bin/java -Djava.awt.headless=true -Dfile.encoding=UTF-8 -Djava.io.tmpdir=/opt/sonarqube/temp -XX:-OmitStackTraceInFastThrow --add-opens=java.base/java.util=ALL-UNNAMED --add-opens=java.base/java.lang=ALL-UNNAMED --add-opens=java.base/java.io=ALL-UNNAMED --add-opens=java.rmi/sun.rmi.transport=ALL-UNNAMED --add-exports=java.base/jdk.internal.ref=ALL-UNNAMED --add-opens=java.base/java.nio=ALL-UNNAMED --add-opens=java.base/sun.nio.ch=ALL-UNNAMED --add-opens=java.management/sun.management=ALL-UNNAMED --add-opens=jdk.management/com.sun.management.internal=ALL-UNNAMED -Dcom.redhat.fips=false -Xmx512m -Xms128m -XX:+HeapDumpOnOutOfMemoryError -Dhttp.nonProxyHosts=localhost|127.*|[::1] -cp ./lib/sonar-application-10.3.0.82913.jar:/opt/sonarqube/lib/jdbc/postgresql/postgresql-42.6.0.jar org.sonar.server.app.WebServer /opt/sonarqube/temp/sq-process10185453284399574964properties
2024.01.22 16:44:16 INFO  app[][o.s.a.SchedulerImpl] Process[Web Server] is stopped
2024.01.22 16:44:16 WARN  app[][o.s.a.p.AbstractManagedProcess] Process exited with exit value [ElasticSearch]: 143
2024.01.22 16:44:16 INFO  app[][o.s.a.SchedulerImpl] Process[ElasticSearch] is stopped
2024.01.22 16:44:16 INFO  app[][o.s.a.SchedulerImpl] SonarQube is stopped
2024.01.22 16:44:17 INFO  app[][o.s.a.AppFileSystem] Cleaning or creating temp directory /opt/sonarqube/temp
2024.01.22 16:44:17 INFO  app[][o.s.a.es.EsSettings] Elasticsearch listening on [HTTP: 127.0.0.1:9001, TCP: 127.0.0.1:37901]
2024.01.22 16:44:17 INFO  app[][o.s.a.ProcessLauncherImpl] Launch process[ELASTICSEARCH] from [/opt/sonarqube/elasticsearch]: /opt/java/openjdk/bin/java -Xms4m -Xmx64m -XX:+UseSerialGC -Dcli.name=server -Dcli.script=./bin/elasticsearch -Dcli.libs=lib/tools/server-cli -Des.path.home=/opt/sonarqube/elasticsearch -Des.path.conf=/opt/sonarqube/temp/conf/es -Des.distribution.type=tar -cp /opt/sonarqube/elasticsearch/lib/*:/opt/sonarqube/elasticsearch/lib/cli-launcher/* org.elasticsearch.launcher.CliToolLauncher
2024.01.22 16:44:17 INFO  app[][o.s.a.SchedulerImpl] Waiting for Elasticsearch to be up and running
2024.01.22 16:44:25 INFO  app[][o.s.a.SchedulerImpl] Process[es] is up
2024.01.22 16:44:25 INFO  app[][o.s.a.ProcessLauncherImpl] Launch process[WEB_SERVER] from [/opt/sonarqube]: /opt/java/openjdk/bin/java -Djava.awt.headless=true -Dfile.encoding=UTF-8 -Djava.io.tmpdir=/opt/sonarqube/temp -XX:-OmitStackTraceInFastThrow --add-opens=java.base/java.util=ALL-UNNAMED --add-opens=java.base/java.lang=ALL-UNNAMED --add-opens=java.base/java.io=ALL-UNNAMED --add-opens=java.rmi/sun.rmi.transport=ALL-UNNAMED --add-exports=java.base/jdk.internal.ref=ALL-UNNAMED --add-opens=java.base/java.nio=ALL-UNNAMED --add-opens=java.base/sun.nio.ch=ALL-UNNAMED --add-opens=java.management/sun.management=ALL-UNNAMED --add-opens=jdk.management/com.sun.management.internal=ALL-UNNAMED -Dcom.redhat.fips=false -Xmx512m -Xms128m -XX:+HeapDumpOnOutOfMemoryError -Dhttp.nonProxyHosts=localhost|127.*|[::1] -cp ./lib/sonar-application-10.3.0.82913.jar:/opt/sonarqube/lib/jdbc/postgresql/postgresql-42.6.0.jar org.sonar.server.app.WebServer /opt/sonarqube/temp/sq-process15881408418585238159properties
2024.01.22 16:44:28 INFO  app[][o.s.a.SchedulerImpl] Process[Web Server] is stopped
2024.01.22 16:44:28 WARN  app[][o.s.a.p.AbstractManagedProcess] Process exited with exit value [ElasticSearch]: 143
2024.01.22 16:44:28 INFO  app[][o.s.a.SchedulerImpl] Process[ElasticSearch] is stopped
2024.01.22 16:44:28 INFO  app[][o.s.a.SchedulerImpl] SonarQube is stopped
2024.01.22 16:44:29 INFO  app[][o.s.a.AppFileSystem] Cleaning or creating temp directory /opt/sonarqube/temp
2024.01.22 16:44:29 INFO  app[][o.s.a.es.EsSettings] Elasticsearch listening on [HTTP: 127.0.0.1:9001, TCP: 127.0.0.1:44859]
2024.01.22 16:44:29 INFO  app[][o.s.a.ProcessLauncherImpl] Launch process[ELASTICSEARCH] from [/opt/sonarqube/elasticsearch]: /opt/java/openjdk/bin/java -Xms4m -Xmx64m -XX:+UseSerialGC -Dcli.name=server -Dcli.script=./bin/elasticsearch -Dcli.libs=lib/tools/server-cli -Des.path.home=/opt/sonarqube/elasticsearch -Des.path.conf=/opt/sonarqube/temp/conf/es -Des.distribution.type=tar -cp /opt/sonarqube/elasticsearch/lib/*:/opt/sonarqube/elasticsearch/lib/cli-launcher/* org.elasticsearch.launcher.CliToolLauncher
2024.01.22 16:44:29 INFO  app[][o.s.a.SchedulerImpl] Waiting for Elasticsearch to be up and running
2024.01.22 16:44:38 INFO  app[][o.s.a.SchedulerImpl] Process[es] is up
2024.01.22 16:44:38 INFO  app[][o.s.a.ProcessLauncherImpl] Launch process[WEB_SERVER] from [/opt/sonarqube]: /opt/java/openjdk/bin/java -Djava.awt.headless=true -Dfile.encoding=UTF-8 -Djava.io.tmpdir=/opt/sonarqube/temp -XX:-OmitStackTraceInFastThrow --add-opens=java.base/java.util=ALL-UNNAMED --add-opens=java.base/java.lang=ALL-UNNAMED --add-opens=java.base/java.io=ALL-UNNAMED --add-opens=java.rmi/sun.rmi.transport=ALL-UNNAMED --add-exports=java.base/jdk.internal.ref=ALL-UNNAMED --add-opens=java.base/java.nio=ALL-UNNAMED --add-opens=java.base/sun.nio.ch=ALL-UNNAMED --add-opens=java.management/sun.management=ALL-UNNAMED --add-opens=jdk.management/com.sun.management.internal=ALL-UNNAMED -Dcom.redhat.fips=false -Xmx512m -Xms128m -XX:+HeapDumpOnOutOfMemoryError -Dhttp.nonProxyHosts=localhost|127.*|[::1] -cp ./lib/sonar-application-10.3.0.82913.jar:/opt/sonarqube/lib/jdbc/postgresql/postgresql-42.6.0.jar org.sonar.server.app.WebServer /opt/sonarqube/temp/sq-process10121135483178963828properties
2024.01.22 16:44:41 INFO  app[][o.s.a.SchedulerImpl] Process[Web Server] is stopped
2024.01.22 16:44:41 WARN  app[][o.s.a.p.AbstractManagedProcess] Process exited with exit value [ElasticSearch]: 143
2024.01.22 16:44:41 INFO  app[][o.s.a.SchedulerImpl] Process[ElasticSearch] is stopped
2024.01.22 16:44:41 INFO  app[][o.s.a.SchedulerImpl] SonarQube is stopped
2024.01.22 16:44:41 INFO  app[][o.s.a.AppFileSystem] Cleaning or creating temp directory /opt/sonarqube/temp
2024.01.22 16:44:41 INFO  app[][o.s.a.es.EsSettings] Elasticsearch listening on [HTTP: 127.0.0.1:9001, TCP: 127.0.0.1:38283]
2024.01.22 16:44:42 INFO  app[][o.s.a.ProcessLauncherImpl] Launch process[ELASTICSEARCH] from [/opt/sonarqube/elasticsearch]: /opt/java/openjdk/bin/java -Xms4m -Xmx64m -XX:+UseSerialGC -Dcli.name=server -Dcli.script=./bin/elasticsearch -Dcli.libs=lib/tools/server-cli -Des.path.home=/opt/sonarqube/elasticsearch -Des.path.conf=/opt/sonarqube/temp/conf/es -Des.distribution.type=tar -cp /opt/sonarqube/elasticsearch/lib/*:/opt/sonarqube/elasticsearch/lib/cli-launcher/* org.elasticsearch.launcher.CliToolLauncher
2024.01.22 16:44:42 INFO  app[][o.s.a.SchedulerImpl] Waiting for Elasticsearch to be up and running
2024.01.22 16:44:49 INFO  app[][o.s.a.SchedulerImpl] Process[es] is up
2024.01.22 16:44:49 INFO  app[][o.s.a.ProcessLauncherImpl] Launch process[WEB_SERVER] from [/opt/sonarqube]: /opt/java/openjdk/bin/java -Djava.awt.headless=true -Dfile.encoding=UTF-8 -Djava.io.tmpdir=/opt/sonarqube/temp -XX:-OmitStackTraceInFastThrow --add-opens=java.base/java.util=ALL-UNNAMED --add-opens=java.base/java.lang=ALL-UNNAMED --add-opens=java.base/java.io=ALL-UNNAMED --add-opens=java.rmi/sun.rmi.transport=ALL-UNNAMED --add-exports=java.base/jdk.internal.ref=ALL-UNNAMED --add-opens=java.base/java.nio=ALL-UNNAMED --add-opens=java.base/sun.nio.ch=ALL-UNNAMED --add-opens=java.management/sun.management=ALL-UNNAMED --add-opens=jdk.management/com.sun.management.internal=ALL-UNNAMED -Dcom.redhat.fips=false -Xmx512m -Xms128m -XX:+HeapDumpOnOutOfMemoryError -Dhttp.nonProxyHosts=localhost|127.*|[::1] -cp ./lib/sonar-application-10.3.0.82913.jar:/opt/sonarqube/lib/jdbc/postgresql/postgresql-42.6.0.jar org.sonar.server.app.WebServer /opt/sonarqube/temp/sq-process7295127795468859822properties
2024.01.22 16:44:52 INFO  app[][o.s.a.SchedulerImpl] Process[Web Server] is stopped
2024.01.22 16:44:52 WARN  app[][o.s.a.p.AbstractManagedProcess] Process exited with exit value [ElasticSearch]: 143
2024.01.22 16:44:52 INFO  app[][o.s.a.SchedulerImpl] Process[ElasticSearch] is stopped
2024.01.22 16:44:52 INFO  app[][o.s.a.SchedulerImpl] SonarQube is stopped
2024.01.22 16:44:52 INFO  app[][o.s.a.AppFileSystem] Cleaning or creating temp directory /opt/sonarqube/temp
2024.01.22 16:44:52 INFO  app[][o.s.a.es.EsSettings] Elasticsearch listening on [HTTP: 127.0.0.1:9001, TCP: 127.0.0.1:37561]
2024.01.22 16:44:52 INFO  app[][o.s.a.ProcessLauncherImpl] Launch process[ELASTICSEARCH] from [/opt/sonarqube/elasticsearch]: /opt/java/openjdk/bin/java -Xms4m -Xmx64m -XX:+UseSerialGC -Dcli.name=server -Dcli.script=./bin/elasticsearch -Dcli.libs=lib/tools/server-cli -Des.path.home=/opt/sonarqube/elasticsearch -Des.path.conf=/opt/sonarqube/temp/conf/es -Des.distribution.type=tar -cp /opt/sonarqube/elasticsearch/lib/*:/opt/sonarqube/elasticsearch/lib/cli-launcher/* org.elasticsearch.launcher.CliToolLauncher
2024.01.22 16:44:53 INFO  app[][o.s.a.SchedulerImpl] Waiting for Elasticsearch to be up and running
2024.01.22 16:45:01 INFO  app[][o.s.a.SchedulerImpl] Process[es] is up
2024.01.22 16:45:01 INFO  app[][o.s.a.ProcessLauncherImpl] Launch process[WEB_SERVER] from [/opt/sonarqube]: /opt/java/openjdk/bin/java -Djava.awt.headless=true -Dfile.encoding=UTF-8 -Djava.io.tmpdir=/opt/sonarqube/temp -XX:-OmitStackTraceInFastThrow --add-opens=java.base/java.util=ALL-UNNAMED --add-opens=java.base/java.lang=ALL-UNNAMED --add-opens=java.base/java.io=ALL-UNNAMED --add-opens=java.rmi/sun.rmi.transport=ALL-UNNAMED --add-exports=java.base/jdk.internal.ref=ALL-UNNAMED --add-opens=java.base/java.nio=ALL-UNNAMED --add-opens=java.base/sun.nio.ch=ALL-UNNAMED --add-opens=java.management/sun.management=ALL-UNNAMED --add-opens=jdk.management/com.sun.management.internal=ALL-UNNAMED -Dcom.redhat.fips=false -Xmx512m -Xms128m -XX:+HeapDumpOnOutOfMemoryError -Dhttp.nonProxyHosts=localhost|127.*|[::1] -cp ./lib/sonar-application-10.3.0.82913.jar:/opt/sonarqube/lib/jdbc/postgresql/postgresql-42.6.0.jar org.sonar.server.app.WebServer /opt/sonarqube/temp/sq-process2606342112088879792properties
2024.01.22 16:45:03 INFO  app[][o.s.a.SchedulerImpl] Process[Web Server] is stopped
2024.01.22 16:45:04 WARN  app[][o.s.a.p.AbstractManagedProcess] Process exited with exit value [ElasticSearch]: 143
2024.01.22 16:45:04 INFO  app[][o.s.a.SchedulerImpl] Process[ElasticSearch] is stopped
2024.01.22 16:45:04 INFO  app[][o.s.a.SchedulerImpl] SonarQube is stopped
2024.01.22 16:45:04 INFO  app[][o.s.a.AppFileSystem] Cleaning or creating temp directory /opt/sonarqube/temp
2024.01.22 16:45:05 INFO  app[][o.s.a.es.EsSettings] Elasticsearch listening on [HTTP: 127.0.0.1:9001, TCP: 127.0.0.1:39085]
2024.01.22 16:45:05 INFO  app[][o.s.a.ProcessLauncherImpl] Launch process[ELASTICSEARCH] from [/opt/sonarqube/elasticsearch]: /opt/java/openjdk/bin/java -Xms4m -Xmx64m -XX:+UseSerialGC -Dcli.name=server -Dcli.script=./bin/elasticsearch -Dcli.libs=lib/tools/server-cli -Des.path.home=/opt/sonarqube/elasticsearch -Des.path.conf=/opt/sonarqube/temp/conf/es -Des.distribution.type=tar -cp /opt/sonarqube/elasticsearch/lib/*:/opt/sonarqube/elasticsearch/lib/cli-launcher/* org.elasticsearch.launcher.CliToolLauncher
2024.01.22 16:45:05 INFO  app[][o.s.a.SchedulerImpl] Waiting for Elasticsearch to be up and running
2024.01.22 16:45:13 INFO  app[][o.s.a.SchedulerImpl] Process[es] is up
2024.01.22 16:45:13 INFO  app[][o.s.a.ProcessLauncherImpl] Launch process[WEB_SERVER] from [/opt/sonarqube]: /opt/java/openjdk/bin/java -Djava.awt.headless=true -Dfile.encoding=UTF-8 -Djava.io.tmpdir=/opt/sonarqube/temp -XX:-OmitStackTraceInFastThrow --add-opens=java.base/java.util=ALL-UNNAMED --add-opens=java.base/java.lang=ALL-UNNAMED --add-opens=java.base/java.io=ALL-UNNAMED --add-opens=java.rmi/sun.rmi.transport=ALL-UNNAMED --add-exports=java.base/jdk.internal.ref=ALL-UNNAMED --add-opens=java.base/java.nio=ALL-UNNAMED --add-opens=java.base/sun.nio.ch=ALL-UNNAMED --add-opens=java.management/sun.management=ALL-UNNAMED --add-opens=jdk.management/com.sun.management.internal=ALL-UNNAMED -Dcom.redhat.fips=false -Xmx512m -Xms128m -XX:+HeapDumpOnOutOfMemoryError -Dhttp.nonProxyHosts=localhost|127.*|[::1] -cp ./lib/sonar-application-10.3.0.82913.jar:/opt/sonarqube/lib/jdbc/postgresql/postgresql-42.6.0.jar org.sonar.server.app.WebServer /opt/sonarqube/temp/sq-process14736123556878495186properties
2024.01.22 16:45:15 INFO  app[][o.s.a.SchedulerImpl] Process[Web Server] is stopped
2024.01.22 16:45:15 WARN  app[][o.s.a.p.AbstractManagedProcess] Process exited with exit value [ElasticSearch]: 143
2024.01.22 16:45:15 INFO  app[][o.s.a.SchedulerImpl] Process[ElasticSearch] is stopped
2024.01.22 16:45:15 INFO  app[][o.s.a.SchedulerImpl] SonarQube is stopped
2024.01.22 16:45:16 INFO  app[][o.s.a.AppFileSystem] Cleaning or creating temp directory /opt/sonarqube/temp
2024.01.22 16:45:16 INFO  app[][o.s.a.es.EsSettings] Elasticsearch listening on [HTTP: 127.0.0.1:9001, TCP: 127.0.0.1:37711]
2024.01.22 16:45:16 INFO  app[][o.s.a.ProcessLauncherImpl] Launch process[ELASTICSEARCH] from [/opt/sonarqube/elasticsearch]: /opt/java/openjdk/bin/java -Xms4m -Xmx64m -XX:+UseSerialGC -Dcli.name=server -Dcli.script=./bin/elasticsearch -Dcli.libs=lib/tools/server-cli -Des.path.home=/opt/sonarqube/elasticsearch -Des.path.conf=/opt/sonarqube/temp/conf/es -Des.distribution.type=tar -cp /opt/sonarqube/elasticsearch/lib/*:/opt/sonarqube/elasticsearch/lib/cli-launcher/* org.elasticsearch.launcher.CliToolLauncher
2024.01.22 16:45:16 INFO  app[][o.s.a.SchedulerImpl] Waiting for Elasticsearch to be up and running
2024.01.22 16:45:25 INFO  app[][o.s.a.SchedulerImpl] Process[es] is up
2024.01.22 16:45:25 INFO  app[][o.s.a.ProcessLauncherImpl] Launch process[WEB_SERVER] from [/opt/sonarqube]: /opt/java/openjdk/bin/java -Djava.awt.headless=true -Dfile.encoding=UTF-8 -Djava.io.tmpdir=/opt/sonarqube/temp -XX:-OmitStackTraceInFastThrow --add-opens=java.base/java.util=ALL-UNNAMED --add-opens=java.base/java.lang=ALL-UNNAMED --add-opens=java.base/java.io=ALL-UNNAMED --add-opens=java.rmi/sun.rmi.transport=ALL-UNNAMED --add-exports=java.base/jdk.internal.ref=ALL-UNNAMED --add-opens=java.base/java.nio=ALL-UNNAMED --add-opens=java.base/sun.nio.ch=ALL-UNNAMED --add-opens=java.management/sun.management=ALL-UNNAMED --add-opens=jdk.management/com.sun.management.internal=ALL-UNNAMED -Dcom.redhat.fips=false -Xmx512m -Xms128m -XX:+HeapDumpOnOutOfMemoryError -Dhttp.nonProxyHosts=localhost|127.*|[::1] -cp ./lib/sonar-application-10.3.0.82913.jar:/opt/sonarqube/lib/jdbc/postgresql/postgresql-42.6.0.jar org.sonar.server.app.WebServer /opt/sonarqube/temp/sq-process17641280650866456245properties
2024.01.22 16:45:27 INFO  app[][o.s.a.SchedulerImpl] Process[Web Server] is stopped
2024.01.22 16:45:27 WARN  app[][o.s.a.p.AbstractManagedProcess] Process exited with exit value [ElasticSearch]: 143
2024.01.22 16:45:27 INFO  app[][o.s.a.SchedulerImpl] Process[ElasticSearch] is stopped
2024.01.22 16:45:27 INFO  app[][o.s.a.SchedulerImpl] SonarQube is stopped
2024.01.22 16:45:28 INFO  app[][o.s.a.AppFileSystem] Cleaning or creating temp directory /opt/sonarqube/temp
2024.01.22 16:45:28 INFO  app[][o.s.a.es.EsSettings] Elasticsearch listening on [HTTP: 127.0.0.1:9001, TCP: 127.0.0.1:41217]
2024.01.22 16:45:28 INFO  app[][o.s.a.ProcessLauncherImpl] Launch process[ELASTICSEARCH] from [/opt/sonarqube/elasticsearch]: /opt/java/openjdk/bin/java -Xms4m -Xmx64m -XX:+UseSerialGC -Dcli.name=server -Dcli.script=./bin/elasticsearch -Dcli.libs=lib/tools/server-cli -Des.path.home=/opt/sonarqube/elasticsearch -Des.path.conf=/opt/sonarqube/temp/conf/es -Des.distribution.type=tar -cp /opt/sonarqube/elasticsearch/lib/*:/opt/sonarqube/elasticsearch/lib/cli-launcher/* org.elasticsearch.launcher.CliToolLauncher
2024.01.22 16:45:28 INFO  app[][o.s.a.SchedulerImpl] Waiting for Elasticsearch to be up and running
2024.01.22 16:45:37 INFO  app[][o.s.a.SchedulerImpl] Process[es] is up
2024.01.22 16:45:37 INFO  app[][o.s.a.ProcessLauncherImpl] Launch process[WEB_SERVER] from [/opt/sonarqube]: /opt/java/openjdk/bin/java -Djava.awt.headless=true -Dfile.encoding=UTF-8 -Djava.io.tmpdir=/opt/sonarqube/temp -XX:-OmitStackTraceInFastThrow --add-opens=java.base/java.util=ALL-UNNAMED --add-opens=java.base/java.lang=ALL-UNNAMED --add-opens=java.base/java.io=ALL-UNNAMED --add-opens=java.rmi/sun.rmi.transport=ALL-UNNAMED --add-exports=java.base/jdk.internal.ref=ALL-UNNAMED --add-opens=java.base/java.nio=ALL-UNNAMED --add-opens=java.base/sun.nio.ch=ALL-UNNAMED --add-opens=java.management/sun.management=ALL-UNNAMED --add-opens=jdk.management/com.sun.management.internal=ALL-UNNAMED -Dcom.redhat.fips=false -Xmx512m -Xms128m -XX:+HeapDumpOnOutOfMemoryError -Dhttp.nonProxyHosts=localhost|127.*|[::1] -cp ./lib/sonar-application-10.3.0.82913.jar:/opt/sonarqube/lib/jdbc/postgresql/postgresql-42.6.0.jar org.sonar.server.app.WebServer /opt/sonarqube/temp/sq-process4706265570347983662properties
2024.01.22 16:45:40 INFO  app[][o.s.a.SchedulerImpl] Process[Web Server] is stopped
2024.01.22 16:45:40 INFO  app[][o.s.a.SchedulerImpl] Process[ElasticSearch] is stopped
2024.01.22 16:45:40 WARN  app[][o.s.a.p.AbstractManagedProcess] Process exited with exit value [ElasticSearch]: 143
2024.01.22 16:45:40 INFO  app[][o.s.a.SchedulerImpl] SonarQube is stopped
2024.01.22 16:45:41 INFO  app[][o.s.a.AppFileSystem] Cleaning or creating temp directory /opt/sonarqube/temp
2024.01.22 16:45:41 INFO  app[][o.s.a.es.EsSettings] Elasticsearch listening on [HTTP: 127.0.0.1:9001, TCP: 127.0.0.1:40051]
2024.01.22 16:45:41 INFO  app[][o.s.a.ProcessLauncherImpl] Launch process[ELASTICSEARCH] from [/opt/sonarqube/elasticsearch]: /opt/java/openjdk/bin/java -Xms4m -Xmx64m -XX:+UseSerialGC -Dcli.name=server -Dcli.script=./bin/elasticsearch -Dcli.libs=lib/tools/server-cli -Des.path.home=/opt/sonarqube/elasticsearch -Des.path.conf=/opt/sonarqube/temp/conf/es -Des.distribution.type=tar -cp /opt/sonarqube/elasticsearch/lib/*:/opt/sonarqube/elasticsearch/lib/cli-launcher/* org.elasticsearch.launcher.CliToolLauncher
2024.01.22 16:45:41 INFO  app[][o.s.a.SchedulerImpl] Waiting for Elasticsearch to be up and running
2024.01.22 16:45:50 INFO  app[][o.s.a.SchedulerImpl] Process[es] is up
2024.01.22 16:45:50 INFO  app[][o.s.a.ProcessLauncherImpl] Launch process[WEB_SERVER] from [/opt/sonarqube]: /opt/java/openjdk/bin/java -Djava.awt.headless=true -Dfile.encoding=UTF-8 -Djava.io.tmpdir=/opt/sonarqube/temp -XX:-OmitStackTraceInFastThrow --add-opens=java.base/java.util=ALL-UNNAMED --add-opens=java.base/java.lang=ALL-UNNAMED --add-opens=java.base/java.io=ALL-UNNAMED --add-opens=java.rmi/sun.rmi.transport=ALL-UNNAMED --add-exports=java.base/jdk.internal.ref=ALL-UNNAMED --add-opens=java.base/java.nio=ALL-UNNAMED --add-opens=java.base/sun.nio.ch=ALL-UNNAMED --add-opens=java.management/sun.management=ALL-UNNAMED --add-opens=jdk.management/com.sun.management.internal=ALL-UNNAMED -Dcom.redhat.fips=false -Xmx512m -Xms128m -XX:+HeapDumpOnOutOfMemoryError -Dhttp.nonProxyHosts=localhost|127.*|[::1] -cp ./lib/sonar-application-10.3.0.82913.jar:/opt/sonarqube/lib/jdbc/postgresql/postgresql-42.6.0.jar org.sonar.server.app.WebServer /opt/sonarqube/temp/sq-process1267900567143407559properties
2024.01.22 16:45:53 INFO  app[][o.s.a.SchedulerImpl] Process[Web Server] is stopped
2024.01.22 16:45:53 WARN  app[][o.s.a.p.AbstractManagedProcess] Process exited with exit value [ElasticSearch]: 143
2024.01.22 16:45:53 INFO  app[][o.s.a.SchedulerImpl] Process[ElasticSearch] is stopped
2024.01.22 16:45:53 INFO  app[][o.s.a.SchedulerImpl] SonarQube is stopped
2024.01.22 16:45:54 INFO  app[][o.s.a.AppFileSystem] Cleaning or creating temp directory /opt/sonarqube/temp
2024.01.22 16:45:54 INFO  app[][o.s.a.es.EsSettings] Elasticsearch listening on [HTTP: 127.0.0.1:9001, TCP: 127.0.0.1:40835]
2024.01.22 16:45:54 INFO  app[][o.s.a.ProcessLauncherImpl] Launch process[ELASTICSEARCH] from [/opt/sonarqube/elasticsearch]: /opt/java/openjdk/bin/java -Xms4m -Xmx64m -XX:+UseSerialGC -Dcli.name=server -Dcli.script=./bin/elasticsearch -Dcli.libs=lib/tools/server-cli -Des.path.home=/opt/sonarqube/elasticsearch -Des.path.conf=/opt/sonarqube/temp/conf/es -Des.distribution.type=tar -cp /opt/sonarqube/elasticsearch/lib/*:/opt/sonarqube/elasticsearch/lib/cli-launcher/* org.elasticsearch.launcher.CliToolLauncher
2024.01.22 16:45:54 INFO  app[][o.s.a.SchedulerImpl] Waiting for Elasticsearch to be up and running
2024.01.22 16:46:02 INFO  app[][o.s.a.SchedulerImpl] Process[es] is up
2024.01.22 16:46:02 INFO  app[][o.s.a.ProcessLauncherImpl] Launch process[WEB_SERVER] from [/opt/sonarqube]: /opt/java/openjdk/bin/java -Djava.awt.headless=true -Dfile.encoding=UTF-8 -Djava.io.tmpdir=/opt/sonarqube/temp -XX:-OmitStackTraceInFastThrow --add-opens=java.base/java.util=ALL-UNNAMED --add-opens=java.base/java.lang=ALL-UNNAMED --add-opens=java.base/java.io=ALL-UNNAMED --add-opens=java.rmi/sun.rmi.transport=ALL-UNNAMED --add-exports=java.base/jdk.internal.ref=ALL-UNNAMED --add-opens=java.base/java.nio=ALL-UNNAMED --add-opens=java.base/sun.nio.ch=ALL-UNNAMED --add-opens=java.management/sun.management=ALL-UNNAMED --add-opens=jdk.management/com.sun.management.internal=ALL-UNNAMED -Dcom.redhat.fips=false -Xmx512m -Xms128m -XX:+HeapDumpOnOutOfMemoryError -Dhttp.nonProxyHosts=localhost|127.*|[::1] -cp ./lib/sonar-application-10.3.0.82913.jar:/opt/sonarqube/lib/jdbc/postgresql/postgresql-42.6.0.jar org.sonar.server.app.WebServer /opt/sonarqube/temp/sq-process8630233143413200664properties
2024.01.22 16:46:05 INFO  app[][o.s.a.SchedulerImpl] Process[Web Server] is stopped
2024.01.22 16:46:05 WARN  app[][o.s.a.p.AbstractManagedProcess] Process exited with exit value [ElasticSearch]: 143
2024.01.22 16:46:05 INFO  app[][o.s.a.SchedulerImpl] Process[ElasticSearch] is stopped
2024.01.22 16:46:05 INFO  app[][o.s.a.SchedulerImpl] SonarQube is stopped
2024.01.22 16:46:06 INFO  app[][o.s.a.AppFileSystem] Cleaning or creating temp directory /opt/sonarqube/temp
2024.01.22 16:46:06 INFO  app[][o.s.a.es.EsSettings] Elasticsearch listening on [HTTP: 127.0.0.1:9001, TCP: 127.0.0.1:45915]
2024.01.22 16:46:06 INFO  app[][o.s.a.ProcessLauncherImpl] Launch process[ELASTICSEARCH] from [/opt/sonarqube/elasticsearch]: /opt/java/openjdk/bin/java -Xms4m -Xmx64m -XX:+UseSerialGC -Dcli.name=server -Dcli.script=./bin/elasticsearch -Dcli.libs=lib/tools/server-cli -Des.path.home=/opt/sonarqube/elasticsearch -Des.path.conf=/opt/sonarqube/temp/conf/es -Des.distribution.type=tar -cp /opt/sonarqube/elasticsearch/lib/*:/opt/sonarqube/elasticsearch/lib/cli-launcher/* org.elasticsearch.launcher.CliToolLauncher
2024.01.22 16:46:06 INFO  app[][o.s.a.SchedulerImpl] Waiting for Elasticsearch to be up and running
2024.01.22 16:46:14 INFO  app[][o.s.a.SchedulerImpl] Process[es] is up
2024.01.22 16:46:14 INFO  app[][o.s.a.ProcessLauncherImpl] Launch process[WEB_SERVER] from [/opt/sonarqube]: /opt/java/openjdk/bin/java -Djava.awt.headless=true -Dfile.encoding=UTF-8 -Djava.io.tmpdir=/opt/sonarqube/temp -XX:-OmitStackTraceInFastThrow --add-opens=java.base/java.util=ALL-UNNAMED --add-opens=java.base/java.lang=ALL-UNNAMED --add-opens=java.base/java.io=ALL-UNNAMED --add-opens=java.rmi/sun.rmi.transport=ALL-UNNAMED --add-exports=java.base/jdk.internal.ref=ALL-UNNAMED --add-opens=java.base/java.nio=ALL-UNNAMED --add-opens=java.base/sun.nio.ch=ALL-UNNAMED --add-opens=java.management/sun.management=ALL-UNNAMED --add-opens=jdk.management/com.sun.management.internal=ALL-UNNAMED -Dcom.redhat.fips=false -Xmx512m -Xms128m -XX:+HeapDumpOnOutOfMemoryError -Dhttp.nonProxyHosts=localhost|127.*|[::1] -cp ./lib/sonar-application-10.3.0.82913.jar:/opt/sonarqube/lib/jdbc/postgresql/postgresql-42.6.0.jar org.sonar.server.app.WebServer /opt/sonarqube/temp/sq-process16014963798738495288properties
2024.01.22 16:46:16 INFO  app[][o.s.a.SchedulerImpl] Process[Web Server] is stopped
2024.01.22 16:46:16 WARN  app[][o.s.a.p.AbstractManagedProcess] Process exited with exit value [ElasticSearch]: 143
2024.01.22 16:46:16 INFO  app[][o.s.a.SchedulerImpl] Process[ElasticSearch] is stopped
2024.01.22 16:46:16 INFO  app[][o.s.a.SchedulerImpl] SonarQube is stopped
2024.01.22 16:46:17 INFO  app[][o.s.a.AppFileSystem] Cleaning or creating temp directory /opt/sonarqube/temp
2024.01.22 16:46:17 INFO  app[][o.s.a.es.EsSettings] Elasticsearch listening on [HTTP: 127.0.0.1:9001, TCP: 127.0.0.1:38275]
2024.01.22 16:46:17 INFO  app[][o.s.a.ProcessLauncherImpl] Launch process[ELASTICSEARCH] from [/opt/sonarqube/elasticsearch]: /opt/java/openjdk/bin/java -Xms4m -Xmx64m -XX:+UseSerialGC -Dcli.name=server -Dcli.script=./bin/elasticsearch -Dcli.libs=lib/tools/server-cli -Des.path.home=/opt/sonarqube/elasticsearch -Des.path.conf=/opt/sonarqube/temp/conf/es -Des.distribution.type=tar -cp /opt/sonarqube/elasticsearch/lib/*:/opt/sonarqube/elasticsearch/lib/cli-launcher/* org.elasticsearch.launcher.CliToolLauncher
2024.01.22 16:46:17 INFO  app[][o.s.a.SchedulerImpl] Waiting for Elasticsearch to be up and running
2024.01.22 16:46:25 INFO  app[][o.s.a.SchedulerImpl] Process[es] is up
2024.01.22 16:46:25 INFO  app[][o.s.a.ProcessLauncherImpl] Launch process[WEB_SERVER] from [/opt/sonarqube]: /opt/java/openjdk/bin/java -Djava.awt.headless=true -Dfile.encoding=UTF-8 -Djava.io.tmpdir=/opt/sonarqube/temp -XX:-OmitStackTraceInFastThrow --add-opens=java.base/java.util=ALL-UNNAMED --add-opens=java.base/java.lang=ALL-UNNAMED --add-opens=java.base/java.io=ALL-UNNAMED --add-opens=java.rmi/sun.rmi.transport=ALL-UNNAMED --add-exports=java.base/jdk.internal.ref=ALL-UNNAMED --add-opens=java.base/java.nio=ALL-UNNAMED --add-opens=java.base/sun.nio.ch=ALL-UNNAMED --add-opens=java.management/sun.management=ALL-UNNAMED --add-opens=jdk.management/com.sun.management.internal=ALL-UNNAMED -Dcom.redhat.fips=false -Xmx512m -Xms128m -XX:+HeapDumpOnOutOfMemoryError -Dhttp.nonProxyHosts=localhost|127.*|[::1] -cp ./lib/sonar-application-10.3.0.82913.jar:/opt/sonarqube/lib/jdbc/postgresql/postgresql-42.6.0.jar org.sonar.server.app.WebServer /opt/sonarqube/temp/sq-process14790999588958461944properties
2024.01.22 16:46:28 INFO  app[][o.s.a.SchedulerImpl] Process[Web Server] is stopped
2024.01.22 16:46:28 INFO  app[][o.s.a.SchedulerImpl] Process[ElasticSearch] is stopped
2024.01.22 16:46:28 WARN  app[][o.s.a.p.AbstractManagedProcess] Process exited with exit value [ElasticSearch]: 143
2024.01.22 16:46:28 INFO  app[][o.s.a.SchedulerImpl] SonarQube is stopped
2024.01.22 16:46:29 INFO  app[][o.s.a.AppFileSystem] Cleaning or creating temp directory /opt/sonarqube/temp
2024.01.22 16:46:29 INFO  app[][o.s.a.es.EsSettings] Elasticsearch listening on [HTTP: 127.0.0.1:9001, TCP: 127.0.0.1:45917]
2024.01.22 16:46:29 INFO  app[][o.s.a.ProcessLauncherImpl] Launch process[ELASTICSEARCH] from [/opt/sonarqube/elasticsearch]: /opt/java/openjdk/bin/java -Xms4m -Xmx64m -XX:+UseSerialGC -Dcli.name=server -Dcli.script=./bin/elasticsearch -Dcli.libs=lib/tools/server-cli -Des.path.home=/opt/sonarqube/elasticsearch -Des.path.conf=/opt/sonarqube/temp/conf/es -Des.distribution.type=tar -cp /opt/sonarqube/elasticsearch/lib/*:/opt/sonarqube/elasticsearch/lib/cli-launcher/* org.elasticsearch.launcher.CliToolLauncher
2024.01.22 16:46:29 INFO  app[][o.s.a.SchedulerImpl] Waiting for Elasticsearch to be up and running
2024.01.22 16:46:37 INFO  app[][o.s.a.SchedulerImpl] Process[es] is up
2024.01.22 16:46:37 INFO  app[][o.s.a.ProcessLauncherImpl] Launch process[WEB_SERVER] from [/opt/sonarqube]: /opt/java/openjdk/bin/java -Djava.awt.headless=true -Dfile.encoding=UTF-8 -Djava.io.tmpdir=/opt/sonarqube/temp -XX:-OmitStackTraceInFastThrow --add-opens=java.base/java.util=ALL-UNNAMED --add-opens=java.base/java.lang=ALL-UNNAMED --add-opens=java.base/java.io=ALL-UNNAMED --add-opens=java.rmi/sun.rmi.transport=ALL-UNNAMED --add-exports=java.base/jdk.internal.ref=ALL-UNNAMED --add-opens=java.base/java.nio=ALL-UNNAMED --add-opens=java.base/sun.nio.ch=ALL-UNNAMED --add-opens=java.management/sun.management=ALL-UNNAMED --add-opens=jdk.management/com.sun.management.internal=ALL-UNNAMED -Dcom.redhat.fips=false -Xmx512m -Xms128m -XX:+HeapDumpOnOutOfMemoryError -Dhttp.nonProxyHosts=localhost|127.*|[::1] -cp ./lib/sonar-application-10.3.0.82913.jar:/opt/sonarqube/lib/jdbc/postgresql/postgresql-42.6.0.jar org.sonar.server.app.WebServer /opt/sonarqube/temp/sq-process15325108347738773274properties
2024.01.22 16:46:40 INFO  app[][o.s.a.SchedulerImpl] Process[Web Server] is stopped
2024.01.22 16:46:40 WARN  app[][o.s.a.p.AbstractManagedProcess] Process exited with exit value [ElasticSearch]: 143
2024.01.22 16:46:40 INFO  app[][o.s.a.SchedulerImpl] Process[ElasticSearch] is stopped
2024.01.22 16:46:40 INFO  app[][o.s.a.SchedulerImpl] SonarQube is stopped
2024.01.22 16:46:41 INFO  app[][o.s.a.AppFileSystem] Cleaning or creating temp directory /opt/sonarqube/temp
2024.01.22 16:46:41 INFO  app[][o.s.a.es.EsSettings] Elasticsearch listening on [HTTP: 127.0.0.1:9001, TCP: 127.0.0.1:46799]
2024.01.22 16:46:41 INFO  app[][o.s.a.ProcessLauncherImpl] Launch process[ELASTICSEARCH] from [/opt/sonarqube/elasticsearch]: /opt/java/openjdk/bin/java -Xms4m -Xmx64m -XX:+UseSerialGC -Dcli.name=server -Dcli.script=./bin/elasticsearch -Dcli.libs=lib/tools/server-cli -Des.path.home=/opt/sonarqube/elasticsearch -Des.path.conf=/opt/sonarqube/temp/conf/es -Des.distribution.type=tar -cp /opt/sonarqube/elasticsearch/lib/*:/opt/sonarqube/elasticsearch/lib/cli-launcher/* org.elasticsearch.launcher.CliToolLauncher
2024.01.22 16:46:41 INFO  app[][o.s.a.SchedulerImpl] Waiting for Elasticsearch to be up and running
2024.01.22 16:46:49 INFO  app[][o.s.a.SchedulerImpl] Process[es] is up
2024.01.22 16:46:49 INFO  app[][o.s.a.ProcessLauncherImpl] Launch process[WEB_SERVER] from [/opt/sonarqube]: /opt/java/openjdk/bin/java -Djava.awt.headless=true -Dfile.encoding=UTF-8 -Djava.io.tmpdir=/opt/sonarqube/temp -XX:-OmitStackTraceInFastThrow --add-opens=java.base/java.util=ALL-UNNAMED --add-opens=java.base/java.lang=ALL-UNNAMED --add-opens=java.base/java.io=ALL-UNNAMED --add-opens=java.rmi/sun.rmi.transport=ALL-UNNAMED --add-exports=java.base/jdk.internal.ref=ALL-UNNAMED --add-opens=java.base/java.nio=ALL-UNNAMED --add-opens=java.base/sun.nio.ch=ALL-UNNAMED --add-opens=java.management/sun.management=ALL-UNNAMED --add-opens=jdk.management/com.sun.management.internal=ALL-UNNAMED -Dcom.redhat.fips=false -Xmx512m -Xms128m -XX:+HeapDumpOnOutOfMemoryError -Dhttp.nonProxyHosts=localhost|127.*|[::1] -cp ./lib/sonar-application-10.3.0.82913.jar:/opt/sonarqube/lib/jdbc/postgresql/postgresql-42.6.0.jar org.sonar.server.app.WebServer /opt/sonarqube/temp/sq-process8520609393602663814properties
2024.01.22 16:46:52 INFO  app[][o.s.a.SchedulerImpl] Process[Web Server] is stopped
2024.01.22 16:46:52 WARN  app[][o.s.a.p.AbstractManagedProcess] Process exited with exit value [ElasticSearch]: 143
2024.01.22 16:46:52 INFO  app[][o.s.a.SchedulerImpl] Process[ElasticSearch] is stopped
2024.01.22 16:46:52 INFO  app[][o.s.a.SchedulerImpl] SonarQube is stopped
2024.01.22 16:46:53 INFO  app[][o.s.a.AppFileSystem] Cleaning or creating temp directory /opt/sonarqube/temp
2024.01.22 16:46:53 INFO  app[][o.s.a.es.EsSettings] Elasticsearch listening on [HTTP: 127.0.0.1:9001, TCP: 127.0.0.1:37055]
2024.01.22 16:46:53 INFO  app[][o.s.a.ProcessLauncherImpl] Launch process[ELASTICSEARCH] from [/opt/sonarqube/elasticsearch]: /opt/java/openjdk/bin/java -Xms4m -Xmx64m -XX:+UseSerialGC -Dcli.name=server -Dcli.script=./bin/elasticsearch -Dcli.libs=lib/tools/server-cli -Des.path.home=/opt/sonarqube/elasticsearch -Des.path.conf=/opt/sonarqube/temp/conf/es -Des.distribution.type=tar -cp /opt/sonarqube/elasticsearch/lib/*:/opt/sonarqube/elasticsearch/lib/cli-launcher/* org.elasticsearch.launcher.CliToolLauncher
2024.01.22 16:46:53 INFO  app[][o.s.a.SchedulerImpl] Waiting for Elasticsearch to be up and running
2024.01.22 16:47:02 INFO  app[][o.s.a.SchedulerImpl] Process[es] is up
2024.01.22 16:47:02 INFO  app[][o.s.a.ProcessLauncherImpl] Launch process[WEB_SERVER] from [/opt/sonarqube]: /opt/java/openjdk/bin/java -Djava.awt.headless=true -Dfile.encoding=UTF-8 -Djava.io.tmpdir=/opt/sonarqube/temp -XX:-OmitStackTraceInFastThrow --add-opens=java.base/java.util=ALL-UNNAMED --add-opens=java.base/java.lang=ALL-UNNAMED --add-opens=java.base/java.io=ALL-UNNAMED --add-opens=java.rmi/sun.rmi.transport=ALL-UNNAMED --add-exports=java.base/jdk.internal.ref=ALL-UNNAMED --add-opens=java.base/java.nio=ALL-UNNAMED --add-opens=java.base/sun.nio.ch=ALL-UNNAMED --add-opens=java.management/sun.management=ALL-UNNAMED --add-opens=jdk.management/com.sun.management.internal=ALL-UNNAMED -Dcom.redhat.fips=false -Xmx512m -Xms128m -XX:+HeapDumpOnOutOfMemoryError -Dhttp.nonProxyHosts=localhost|127.*|[::1] -cp ./lib/sonar-application-10.3.0.82913.jar:/opt/sonarqube/lib/jdbc/postgresql/postgresql-42.6.0.jar org.sonar.server.app.WebServer /opt/sonarqube/temp/sq-process5927571657776073203properties
2024.01.22 16:47:04 INFO  app[][o.s.a.SchedulerImpl] Process[Web Server] is stopped
2024.01.22 16:47:04 WARN  app[][o.s.a.p.AbstractManagedProcess] Process exited with exit value [ElasticSearch]: 143
2024.01.22 16:47:04 INFO  app[][o.s.a.SchedulerImpl] Process[ElasticSearch] is stopped
2024.01.22 16:47:04 INFO  app[][o.s.a.SchedulerImpl] SonarQube is stopped
2024.01.22 16:47:05 INFO  app[][o.s.a.AppFileSystem] Cleaning or creating temp directory /opt/sonarqube/temp
2024.01.22 16:47:05 INFO  app[][o.s.a.es.EsSettings] Elasticsearch listening on [HTTP: 127.0.0.1:9001, TCP: 127.0.0.1:45693]
2024.01.22 16:47:05 INFO  app[][o.s.a.ProcessLauncherImpl] Launch process[ELASTICSEARCH] from [/opt/sonarqube/elasticsearch]: /opt/java/openjdk/bin/java -Xms4m -Xmx64m -XX:+UseSerialGC -Dcli.name=server -Dcli.script=./bin/elasticsearch -Dcli.libs=lib/tools/server-cli -Des.path.home=/opt/sonarqube/elasticsearch -Des.path.conf=/opt/sonarqube/temp/conf/es -Des.distribution.type=tar -cp /opt/sonarqube/elasticsearch/lib/*:/opt/sonarqube/elasticsearch/lib/cli-launcher/* org.elasticsearch.launcher.CliToolLauncher
2024.01.22 16:47:05 INFO  app[][o.s.a.SchedulerImpl] Waiting for Elasticsearch to be up and running
2024.01.22 16:47:13 INFO  app[][o.s.a.SchedulerImpl] Process[es] is up
2024.01.22 16:47:13 INFO  app[][o.s.a.ProcessLauncherImpl] Launch process[WEB_SERVER] from [/opt/sonarqube]: /opt/java/openjdk/bin/java -Djava.awt.headless=true -Dfile.encoding=UTF-8 -Djava.io.tmpdir=/opt/sonarqube/temp -XX:-OmitStackTraceInFastThrow --add-opens=java.base/java.util=ALL-UNNAMED --add-opens=java.base/java.lang=ALL-UNNAMED --add-opens=java.base/java.io=ALL-UNNAMED --add-opens=java.rmi/sun.rmi.transport=ALL-UNNAMED --add-exports=java.base/jdk.internal.ref=ALL-UNNAMED --add-opens=java.base/java.nio=ALL-UNNAMED --add-opens=java.base/sun.nio.ch=ALL-UNNAMED --add-opens=java.management/sun.management=ALL-UNNAMED --add-opens=jdk.management/com.sun.management.internal=ALL-UNNAMED -Dcom.redhat.fips=false -Xmx512m -Xms128m -XX:+HeapDumpOnOutOfMemoryError -Dhttp.nonProxyHosts=localhost|127.*|[::1] -cp ./lib/sonar-application-10.3.0.82913.jar:/opt/sonarqube/lib/jdbc/postgresql/postgresql-42.6.0.jar org.sonar.server.app.WebServer /opt/sonarqube/temp/sq-process17547461416003502486properties
2024.01.22 16:47:16 INFO  app[][o.s.a.SchedulerImpl] Process[Web Server] is stopped
2024.01.22 16:47:16 WARN  app[][o.s.a.p.AbstractManagedProcess] Process exited with exit value [ElasticSearch]: 143
2024.01.22 16:47:16 INFO  app[][o.s.a.SchedulerImpl] Process[ElasticSearch] is stopped
2024.01.22 16:47:16 INFO  app[][o.s.a.SchedulerImpl] SonarQube is stopped
2024.01.22 16:47:17 INFO  app[][o.s.a.AppFileSystem] Cleaning or creating temp directory /opt/sonarqube/temp
2024.01.22 16:47:17 INFO  app[][o.s.a.es.EsSettings] Elasticsearch listening on [HTTP: 127.0.0.1:9001, TCP: 127.0.0.1:42089]
2024.01.22 16:47:17 INFO  app[][o.s.a.ProcessLauncherImpl] Launch process[ELASTICSEARCH] from [/opt/sonarqube/elasticsearch]: /opt/java/openjdk/bin/java -Xms4m -Xmx64m -XX:+UseSerialGC -Dcli.name=server -Dcli.script=./bin/elasticsearch -Dcli.libs=lib/tools/server-cli -Des.path.home=/opt/sonarqube/elasticsearch -Des.path.conf=/opt/sonarqube/temp/conf/es -Des.distribution.type=tar -cp /opt/sonarqube/elasticsearch/lib/*:/opt/sonarqube/elasticsearch/lib/cli-launcher/* org.elasticsearch.launcher.CliToolLauncher
2024.01.22 16:47:17 INFO  app[][o.s.a.SchedulerImpl] Waiting for Elasticsearch to be up and running
2024.01.22 16:47:26 INFO  app[][o.s.a.SchedulerImpl] Process[es] is up
2024.01.22 16:47:26 INFO  app[][o.s.a.ProcessLauncherImpl] Launch process[WEB_SERVER] from [/opt/sonarqube]: /opt/java/openjdk/bin/java -Djava.awt.headless=true -Dfile.encoding=UTF-8 -Djava.io.tmpdir=/opt/sonarqube/temp -XX:-OmitStackTraceInFastThrow --add-opens=java.base/java.util=ALL-UNNAMED --add-opens=java.base/java.lang=ALL-UNNAMED --add-opens=java.base/java.io=ALL-UNNAMED --add-opens=java.rmi/sun.rmi.transport=ALL-UNNAMED --add-exports=java.base/jdk.internal.ref=ALL-UNNAMED --add-opens=java.base/java.nio=ALL-UNNAMED --add-opens=java.base/sun.nio.ch=ALL-UNNAMED --add-opens=java.management/sun.management=ALL-UNNAMED --add-opens=jdk.management/com.sun.management.internal=ALL-UNNAMED -Dcom.redhat.fips=false -Xmx512m -Xms128m -XX:+HeapDumpOnOutOfMemoryError -Dhttp.nonProxyHosts=localhost|127.*|[::1] -cp ./lib/sonar-application-10.3.0.82913.jar:/opt/sonarqube/lib/jdbc/postgresql/postgresql-42.6.0.jar org.sonar.server.app.WebServer /opt/sonarqube/temp/sq-process12538529707039668092properties
2024.01.22 16:47:30 INFO  app[][o.s.a.SchedulerImpl] Process[Web Server] is stopped
2024.01.22 16:47:30 WARN  app[][o.s.a.p.AbstractManagedProcess] Process exited with exit value [ElasticSearch]: 143
2024.01.22 16:47:30 INFO  app[][o.s.a.SchedulerImpl] Process[ElasticSearch] is stopped
2024.01.22 16:47:30 INFO  app[][o.s.a.SchedulerImpl] SonarQube is stopped
2024.01.22 16:47:31 INFO  app[][o.s.a.AppFileSystem] Cleaning or creating temp directory /opt/sonarqube/temp
2024.01.22 16:47:31 INFO  app[][o.s.a.es.EsSettings] Elasticsearch listening on [HTTP: 127.0.0.1:9001, TCP: 127.0.0.1:46355]
2024.01.22 16:47:31 INFO  app[][o.s.a.ProcessLauncherImpl] Launch process[ELASTICSEARCH] from [/opt/sonarqube/elasticsearch]: /opt/java/openjdk/bin/java -Xms4m -Xmx64m -XX:+UseSerialGC -Dcli.name=server -Dcli.script=./bin/elasticsearch -Dcli.libs=lib/tools/server-cli -Des.path.home=/opt/sonarqube/elasticsearch -Des.path.conf=/opt/sonarqube/temp/conf/es -Des.distribution.type=tar -cp /opt/sonarqube/elasticsearch/lib/*:/opt/sonarqube/elasticsearch/lib/cli-launcher/* org.elasticsearch.launcher.CliToolLauncher
2024.01.22 16:47:31 INFO  app[][o.s.a.SchedulerImpl] Waiting for Elasticsearch to be up and running
2024.01.22 16:47:39 INFO  app[][o.s.a.SchedulerImpl] Process[es] is up
2024.01.22 16:47:39 INFO  app[][o.s.a.ProcessLauncherImpl] Launch process[WEB_SERVER] from [/opt/sonarqube]: /opt/java/openjdk/bin/java -Djava.awt.headless=true -Dfile.encoding=UTF-8 -Djava.io.tmpdir=/opt/sonarqube/temp -XX:-OmitStackTraceInFastThrow --add-opens=java.base/java.util=ALL-UNNAMED --add-opens=java.base/java.lang=ALL-UNNAMED --add-opens=java.base/java.io=ALL-UNNAMED --add-opens=java.rmi/sun.rmi.transport=ALL-UNNAMED --add-exports=java.base/jdk.internal.ref=ALL-UNNAMED --add-opens=java.base/java.nio=ALL-UNNAMED --add-opens=java.base/sun.nio.ch=ALL-UNNAMED --add-opens=java.management/sun.management=ALL-UNNAMED --add-opens=jdk.management/com.sun.management.internal=ALL-UNNAMED -Dcom.redhat.fips=false -Xmx512m -Xms128m -XX:+HeapDumpOnOutOfMemoryError -Dhttp.nonProxyHosts=localhost|127.*|[::1] -cp ./lib/sonar-application-10.3.0.82913.jar:/opt/sonarqube/lib/jdbc/postgresql/postgresql-42.6.0.jar org.sonar.server.app.WebServer /opt/sonarqube/temp/sq-process3700251427991820493properties
2024.01.22 16:47:42 INFO  app[][o.s.a.SchedulerImpl] Process[Web Server] is stopped
2024.01.22 16:47:42 WARN  app[][o.s.a.p.AbstractManagedProcess] Process exited with exit value [ElasticSearch]: 143
2024.01.22 16:47:42 INFO  app[][o.s.a.SchedulerImpl] Process[ElasticSearch] is stopped
2024.01.22 16:47:42 INFO  app[][o.s.a.SchedulerImpl] SonarQube is stopped
2024.01.22 16:47:43 INFO  app[][o.s.a.AppFileSystem] Cleaning or creating temp directory /opt/sonarqube/temp
2024.01.22 16:47:43 INFO  app[][o.s.a.es.EsSettings] Elasticsearch listening on [HTTP: 127.0.0.1:9001, TCP: 127.0.0.1:46007]
2024.01.22 16:47:43 INFO  app[][o.s.a.ProcessLauncherImpl] Launch process[ELASTICSEARCH] from [/opt/sonarqube/elasticsearch]: /opt/java/openjdk/bin/java -Xms4m -Xmx64m -XX:+UseSerialGC -Dcli.name=server -Dcli.script=./bin/elasticsearch -Dcli.libs=lib/tools/server-cli -Des.path.home=/opt/sonarqube/elasticsearch -Des.path.conf=/opt/sonarqube/temp/conf/es -Des.distribution.type=tar -cp /opt/sonarqube/elasticsearch/lib/*:/opt/sonarqube/elasticsearch/lib/cli-launcher/* org.elasticsearch.launcher.CliToolLauncher
2024.01.22 16:47:43 INFO  app[][o.s.a.SchedulerImpl] Waiting for Elasticsearch to be up and running
2024.01.22 16:47:45 INFO  app[][o.s.a.SchedulerImpl] Stopping SonarQube
2024.01.22 16:47:45 INFO  app[][o.s.a.SchedulerImpl] Sonarqube has been requested to stop
2024.01.22 16:47:45 INFO  app[][o.s.a.SchedulerImpl] Stopping [Compute Engine] process...
2024.01.22 16:47:45 INFO  app[][o.s.a.SchedulerImpl] Stopping [Web Server] process...
2024.01.22 16:47:45 INFO  app[][o.s.a.SchedulerImpl] Stopping [ElasticSearch] process...
2024.01.22 16:47:45 WARN  app[][o.s.a.p.AbstractManagedProcess] Process exited with exit value [ElasticSearch]: 143
2024.01.22 16:47:46 INFO  app[][o.s.a.SchedulerImpl] Process[ElasticSearch] is stopped
2024.01.22 16:47:46 INFO  app[][o.s.a.SchedulerImpl] SonarQube is stopped
2024.01.22 16:47:58 INFO  app[][o.s.a.AppFileSystem] Cleaning or creating temp directory /opt/sonarqube/temp
2024.01.22 16:47:58 INFO  app[][o.s.a.es.EsSettings] Elasticsearch listening on [HTTP: 127.0.0.1:9001, TCP: 127.0.0.1:44747]
2024.01.22 16:47:58 INFO  app[][o.s.a.ProcessLauncherImpl] Launch process[ELASTICSEARCH] from [/opt/sonarqube/elasticsearch]: /opt/sonarqube/elasticsearch/bin/elasticsearch
2024.01.22 16:47:59 INFO  app[][o.s.a.SchedulerImpl] Waiting for Elasticsearch to be up and running
2024.01.22 16:48:07 INFO  app[][o.s.a.SchedulerImpl] Process[es] is up
2024.01.22 16:48:07 INFO  app[][o.s.a.ProcessLauncherImpl] Launch process[WEB_SERVER] from [/opt/sonarqube]: /usr/lib/jvm/java-11-openjdk/bin/java -Djava.awt.headless=true -Dfile.encoding=UTF-8 -Djava.io.tmpdir=/opt/sonarqube/temp -XX:-OmitStackTraceInFastThrow --add-opens=java.base/java.util=ALL-UNNAMED --add-opens=java.base/java.lang=ALL-UNNAMED --add-opens=java.base/java.io=ALL-UNNAMED --add-opens=java.rmi/sun.rmi.transport=ALL-UNNAMED --add-exports=java.base/jdk.internal.ref=ALL-UNNAMED --add-opens=java.base/java.nio=ALL-UNNAMED --add-opens=java.base/sun.nio.ch=ALL-UNNAMED --add-opens=java.management/sun.management=ALL-UNNAMED --add-opens=jdk.management/com.sun.management.internal=ALL-UNNAMED -Dcom.redhat.fips=false -Xmx512m -Xms128m -XX:+HeapDumpOnOutOfMemoryError -Dhttp.nonProxyHosts=localhost|127.*|[::1] -cp ./lib/sonar-application-9.7.1.62043.jar:/opt/sonarqube/lib/jdbc/postgresql/postgresql-42.4.1.jar org.sonar.server.app.WebServer /opt/sonarqube/temp/sq-process7553650538897919890properties
2024.01.22 16:48:37 INFO  app[][o.s.a.SchedulerImpl] Process[web] is up
2024.01.22 16:48:37 INFO  app[][o.s.a.ProcessLauncherImpl] Launch process[COMPUTE_ENGINE] from [/opt/sonarqube]: /usr/lib/jvm/java-11-openjdk/bin/java -Djava.awt.headless=true -Dfile.encoding=UTF-8 -Djava.io.tmpdir=/opt/sonarqube/temp -XX:-OmitStackTraceInFastThrow --add-opens=java.base/java.util=ALL-UNNAMED --add-exports=java.base/jdk.internal.ref=ALL-UNNAMED --add-opens=java.base/java.lang=ALL-UNNAMED --add-opens=java.base/java.nio=ALL-UNNAMED --add-opens=java.base/sun.nio.ch=ALL-UNNAMED --add-opens=java.management/sun.management=ALL-UNNAMED --add-opens=jdk.management/com.sun.management.internal=ALL-UNNAMED -Dcom.redhat.fips=false -Xmx512m -Xms128m -XX:+HeapDumpOnOutOfMemoryError -Dhttp.nonProxyHosts=localhost|127.*|[::1] -cp ./lib/sonar-application-9.7.1.62043.jar:/opt/sonarqube/lib/jdbc/postgresql/postgresql-42.4.1.jar org.sonar.ce.app.CeServer /opt/sonarqube/temp/sq-process3502679634195929467properties
2024.01.22 16:48:42 INFO  app[][o.s.a.SchedulerImpl] Process[ce] is up
2024.01.22 16:48:42 INFO  app[][o.s.a.SchedulerImpl] SonarQube is operational
2024.01.22 16:52:58 INFO  app[][o.s.a.SchedulerImpl] Stopping SonarQube
2024.01.22 16:52:58 INFO  app[][o.s.a.SchedulerImpl] Sonarqube has been requested to stop
2024.01.22 16:52:58 INFO  app[][o.s.a.SchedulerImpl] Stopping [Compute Engine] process...
2024.01.22 16:52:59 INFO  app[][o.s.a.SchedulerImpl] Process[Compute Engine] is stopped
2024.01.22 16:52:59 INFO  app[][o.s.a.SchedulerImpl] Stopping [Web Server] process...
2024.01.22 16:53:00 INFO  app[][o.s.a.SchedulerImpl] Process[Web Server] is stopped
2024.01.22 16:53:00 INFO  app[][o.s.a.SchedulerImpl] Stopping [ElasticSearch] process...
2024.01.22 16:53:00 INFO  app[][o.s.a.SchedulerImpl] Process[ElasticSearch] is stopped
2024.01.22 16:53:00 WARN  app[][o.s.a.p.AbstractManagedProcess] Process exited with exit value [ElasticSearch]: 143
2024.01.22 16:53:00 INFO  app[][o.s.a.SchedulerImpl] SonarQube is stopped
2024.01.22 16:53:24 INFO  app[][o.s.a.AppFileSystem] Cleaning or creating temp directory /opt/sonarqube/temp
2024.01.22 16:53:24 INFO  app[][o.s.a.es.EsSettings] Elasticsearch listening on [HTTP: 127.0.0.1:9001, TCP: 127.0.0.1:45241]
2024.01.22 16:53:24 INFO  app[][o.s.a.ProcessLauncherImpl] Launch process[ELASTICSEARCH] from [/opt/sonarqube/elasticsearch]: /opt/sonarqube/elasticsearch/bin/elasticsearch
2024.01.22 16:53:24 INFO  app[][o.s.a.SchedulerImpl] Waiting for Elasticsearch to be up and running
2024.01.22 16:53:37 INFO  app[][o.s.a.SchedulerImpl] Process[es] is up
2024.01.22 16:53:37 INFO  app[][o.s.a.ProcessLauncherImpl] Launch process[WEB_SERVER] from [/opt/sonarqube]: /opt/java/openjdk/bin/java -Djava.awt.headless=true -Dfile.encoding=UTF-8 -Djava.io.tmpdir=/opt/sonarqube/temp -XX:-OmitStackTraceInFastThrow --add-opens=java.base/java.util=ALL-UNNAMED --add-opens=java.base/java.lang=ALL-UNNAMED --add-opens=java.base/java.io=ALL-UNNAMED --add-opens=java.rmi/sun.rmi.transport=ALL-UNNAMED --add-exports=java.base/jdk.internal.ref=ALL-UNNAMED --add-opens=java.base/java.nio=ALL-UNNAMED --add-opens=java.base/sun.nio.ch=ALL-UNNAMED --add-opens=java.management/sun.management=ALL-UNNAMED --add-opens=jdk.management/com.sun.management.internal=ALL-UNNAMED -Dcom.redhat.fips=false -Xmx512m -Xms128m -XX:+HeapDumpOnOutOfMemoryError -Dhttp.nonProxyHosts=localhost|127.*|[::1] -cp ./lib/sonar-application-9.9.3.79811.jar:/opt/sonarqube/lib/jdbc/postgresql/postgresql-42.5.1.jar org.sonar.server.app.WebServer /opt/sonarqube/temp/sq-process5410199110540565181properties
2024.01.22 16:53:41 WARN  app[][startup] ################################################################################
2024.01.22 16:53:41 WARN  app[][startup] The database must be manually upgraded. Please backup the database and browse /setup. For more information: https://docs.sonarqube.org/latest/setup/upgrading
2024.01.22 16:53:41 WARN  app[][startup] ################################################################################
2024.01.22 16:54:56 INFO  app[][o.s.a.SchedulerImpl] Stopping SonarQube
2024.01.22 16:54:56 INFO  app[][o.s.a.SchedulerImpl] Sonarqube has been requested to stop
2024.01.22 16:54:56 INFO  app[][o.s.a.SchedulerImpl] Stopping [Compute Engine] process...
2024.01.22 16:54:56 INFO  app[][o.s.a.SchedulerImpl] Stopping [Web Server] process...
2024.01.22 16:54:57 INFO  app[][o.s.a.SchedulerImpl] Process[Web Server] is stopped
2024.01.22 16:54:57 INFO  app[][o.s.a.SchedulerImpl] Stopping [ElasticSearch] process...
2024.01.22 16:54:57 INFO  app[][o.s.a.SchedulerImpl] Process[ElasticSearch] is stopped
2024.01.22 16:54:57 WARN  app[][o.s.a.p.AbstractManagedProcess] Process exited with exit value [ElasticSearch]: 143
2024.01.22 16:54:57 INFO  app[][o.s.a.SchedulerImpl] SonarQube is stopped
2024.01.22 16:55:27 INFO  app[][o.s.a.AppFileSystem] Cleaning or creating temp directory /opt/sonarqube/temp
2024.01.22 16:55:27 INFO  app[][o.s.a.es.EsSettings] Elasticsearch listening on [HTTP: 127.0.0.1:9001, TCP: 127.0.0.1:40183]
2024.01.22 16:55:27 INFO  app[][o.s.a.ProcessLauncherImpl] Launch process[ELASTICSEARCH] from [/opt/sonarqube/elasticsearch]: /opt/sonarqube/elasticsearch/bin/elasticsearch
2024.01.22 16:55:27 INFO  app[][o.s.a.SchedulerImpl] Waiting for Elasticsearch to be up and running
2024.01.22 16:55:41 INFO  app[][o.s.a.SchedulerImpl] Process[es] is up
2024.01.22 16:55:41 INFO  app[][o.s.a.ProcessLauncherImpl] Launch process[WEB_SERVER] from [/opt/sonarqube]: /opt/java/openjdk/bin/java -Djava.awt.headless=true -Dfile.encoding=UTF-8 -Djava.io.tmpdir=/opt/sonarqube/temp -XX:-OmitStackTraceInFastThrow --add-opens=java.base/java.util=ALL-UNNAMED --add-opens=java.base/java.lang=ALL-UNNAMED --add-opens=java.base/java.io=ALL-UNNAMED --add-opens=java.rmi/sun.rmi.transport=ALL-UNNAMED --add-exports=java.base/jdk.internal.ref=ALL-UNNAMED --add-opens=java.base/java.nio=ALL-UNNAMED --add-opens=java.base/sun.nio.ch=ALL-UNNAMED --add-opens=java.management/sun.management=ALL-UNNAMED --add-opens=jdk.management/com.sun.management.internal=ALL-UNNAMED -Dcom.redhat.fips=false -Xmx512m -Xms128m -XX:+HeapDumpOnOutOfMemoryError -Dhttp.nonProxyHosts=localhost|127.*|[::1] -cp ./lib/sonar-application-9.9.0.65466.jar:/opt/sonarqube/lib/jdbc/postgresql/postgresql-42.5.1.jar org.sonar.server.app.WebServer /opt/sonarqube/temp/sq-process16878348558836011271properties
2024.01.22 16:55:45 WARN  app[][startup] ################################################################################
2024.01.22 16:55:45 WARN  app[][startup] The database must be manually upgraded. Please backup the database and browse /setup. For more information: https://docs.sonarqube.org/latest/setup/upgrading
2024.01.22 16:55:45 WARN  app[][startup] ################################################################################
