2024.01.25 11:01:01 WARN  web[][c.z.h.p.HikariPool] HikariPool-1 - Thread starvation or clock leap detected (housekeeper delta=11m30s486ms373µs31ns).
2024.01.25 13:02:03 WARN  web[][c.z.h.p.HikariPool] HikariPool-1 - Thread starvation or clock leap detected (housekeeper delta=2h31s452ms705µs29ns).
2024.01.25 13:13:53 WARN  web[][c.z.h.p.HikariPool] HikariPool-1 - Thread starvation or clock leap detected (housekeeper delta=11m19s843ms485µs540ns).
2024.01.25 14:03:04 WARN  web[][c.z.h.p.HikariPool] HikariPool-1 - Thread starvation or clock leap detected (housekeeper delta=49m11s467ms496µs610ns).
2024.01.25 14:24:20 WARN  web[][c.z.h.p.HikariPool] HikariPool-1 - Thread starvation or clock leap detected (housekeeper delta=20m46s1ms389µs971ns).
2024.01.25 14:30:08 INFO  web[AY0yIMJ2KI/CDdMPABE5][o.s.u.c.UpdateCenter] The plugin 'config' version : 1.2.0.267 has not been found on the update center.
2024.01.25 14:30:08 INFO  web[AY0yIMJ2KI/CDdMPABE5][o.s.u.c.UpdateCenter] The plugin 'csharp' version : 8.51.0.59060 has not been found on the update center.
2024.01.25 14:30:08 INFO  web[AY0yIMJ2KI/CDdMPABE5][o.s.u.c.UpdateCenter] The plugin 'flex' version : 2.8.0.3166 has not been found on the update center.
2024.01.25 14:30:08 INFO  web[AY0yIMJ2KI/CDdMPABE5][o.s.u.c.UpdateCenter] The plugin 'go' version : 1.11.0.3905 has not been found on the update center.
2024.01.25 14:30:08 INFO  web[AY0yIMJ2KI/CDdMPABE5][o.s.u.c.UpdateCenter] The plugin 'iac' version : 1.11.0.2847 has not been found on the update center.
2024.01.25 14:30:08 INFO  web[AY0yIMJ2KI/CDdMPABE5][o.s.u.c.UpdateCenter] The plugin 'jacoco' version : 1.3.0.1538 has not been found on the update center.
2024.01.25 14:30:08 INFO  web[AY0yIMJ2KI/CDdMPABE5][o.s.u.c.UpdateCenter] The plugin 'java' version : 7.16.0.30901 has not been found on the update center.
2024.01.25 14:30:08 INFO  web[AY0yIMJ2KI/CDdMPABE5][o.s.u.c.UpdateCenter] The plugin 'javascript' version : 9.13.0.20537 has not been found on the update center.
2024.01.25 14:30:08 INFO  web[AY0yIMJ2KI/CDdMPABE5][o.s.u.c.UpdateCenter] The plugin 'kotlin' version : 2.12.0.1956 has not been found on the update center.
2024.01.25 14:30:08 INFO  web[AY0yIMJ2KI/CDdMPABE5][o.s.u.c.UpdateCenter] The plugin 'php' version : 3.27.1.9352 has not been found on the update center.
2024.01.25 14:30:08 INFO  web[AY0yIMJ2KI/CDdMPABE5][o.s.u.c.UpdateCenter] The plugin 'python' version : 3.24.0.10784 has not been found on the update center.
2024.01.25 14:30:08 INFO  web[AY0yIMJ2KI/CDdMPABE5][o.s.u.c.UpdateCenter] The plugin 'ruby' version : 1.11.0.3905 has not been found on the update center.
2024.01.25 14:30:08 INFO  web[AY0yIMJ2KI/CDdMPABE5][o.s.u.c.UpdateCenter] The plugin 'sonarscala' version : 1.11.0.3905 has not been found on the update center.
2024.01.25 14:30:08 INFO  web[AY0yIMJ2KI/CDdMPABE5][o.s.u.c.UpdateCenter] The plugin 'text' version : 2.0.1.611 has not been found on the update center.
2024.01.25 14:30:08 INFO  web[AY0yIMJ2KI/CDdMPABE5][o.s.u.c.UpdateCenter] The plugin 'vbnet' version : 8.51.0.59060 has not been found on the update center.
2024.01.25 14:30:08 INFO  web[AY0yIMJ2KI/CDdMPABE5][o.s.u.c.UpdateCenter] The plugin 'web' version : 3.7.1.3306 has not been found on the update center.
2024.01.25 14:30:08 INFO  web[AY0yIMJ2KI/CDdMPABE5][o.s.u.c.UpdateCenter] The plugin 'xml' version : 2.7.0.3820 has not been found on the update center.
2024.01.25 14:30:08 INFO  web[AY0yIMJ2KI/CDdMPABE5][o.s.u.c.UpdateCenter] The plugin 'config' version : 1.2.0.267 has not been found on the update center.
2024.01.25 14:30:08 INFO  web[AY0yIMJ2KI/CDdMPABE5][o.s.u.c.UpdateCenter] The plugin 'csharp' version : 8.51.0.59060 has not been found on the update center.
2024.01.25 14:30:08 INFO  web[AY0yIMJ2KI/CDdMPABE5][o.s.u.c.UpdateCenter] The plugin 'flex' version : 2.8.0.3166 has not been found on the update center.
2024.01.25 14:30:08 INFO  web[AY0yIMJ2KI/CDdMPABE5][o.s.u.c.UpdateCenter] The plugin 'go' version : 1.11.0.3905 has not been found on the update center.
2024.01.25 14:30:08 INFO  web[AY0yIMJ2KI/CDdMPABE5][o.s.u.c.UpdateCenter] The plugin 'iac' version : 1.11.0.2847 has not been found on the update center.
2024.01.25 14:30:08 INFO  web[AY0yIMJ2KI/CDdMPABE5][o.s.u.c.UpdateCenter] The plugin 'jacoco' version : 1.3.0.1538 has not been found on the update center.
2024.01.25 14:30:08 INFO  web[AY0yIMJ2KI/CDdMPABE5][o.s.u.c.UpdateCenter] The plugin 'java' version : 7.16.0.30901 has not been found on the update center.
2024.01.25 14:30:08 INFO  web[AY0yIMJ2KI/CDdMPABE5][o.s.u.c.UpdateCenter] The plugin 'javascript' version : 9.13.0.20537 has not been found on the update center.
2024.01.25 14:30:08 INFO  web[AY0yIMJ2KI/CDdMPABE5][o.s.u.c.UpdateCenter] The plugin 'kotlin' version : 2.12.0.1956 has not been found on the update center.
2024.01.25 14:30:08 INFO  web[AY0yIMJ2KI/CDdMPABE5][o.s.u.c.UpdateCenter] The plugin 'php' version : 3.27.1.9352 has not been found on the update center.
2024.01.25 14:30:08 INFO  web[AY0yIMJ2KI/CDdMPABE5][o.s.u.c.UpdateCenter] The plugin 'python' version : 3.24.0.10784 has not been found on the update center.
2024.01.25 14:30:08 INFO  web[AY0yIMJ2KI/CDdMPABE5][o.s.u.c.UpdateCenter] The plugin 'ruby' version : 1.11.0.3905 has not been found on the update center.
2024.01.25 14:30:08 INFO  web[AY0yIMJ2KI/CDdMPABE5][o.s.u.c.UpdateCenter] The plugin 'sonarscala' version : 1.11.0.3905 has not been found on the update center.
2024.01.25 14:30:08 INFO  web[AY0yIMJ2KI/CDdMPABE5][o.s.u.c.UpdateCenter] The plugin 'text' version : 2.0.1.611 has not been found on the update center.
2024.01.25 14:30:08 INFO  web[AY0yIMJ2KI/CDdMPABE5][o.s.u.c.UpdateCenter] The plugin 'vbnet' version : 8.51.0.59060 has not been found on the update center.
2024.01.25 14:30:08 INFO  web[AY0yIMJ2KI/CDdMPABE5][o.s.u.c.UpdateCenter] The plugin 'web' version : 3.7.1.3306 has not been found on the update center.
2024.01.25 14:30:08 INFO  web[AY0yIMJ2KI/CDdMPABE5][o.s.u.c.UpdateCenter] The plugin 'xml' version : 2.7.0.3820 has not been found on the update center.
2024.01.25 14:30:08 INFO  web[AY0yIMJ2KI/CDdMPABE5][o.s.u.c.UpdateCenter] The plugin 'config' version : 1.2.0.267 has not been found on the update center.
2024.01.25 14:30:08 INFO  web[AY0yIMJ2KI/CDdMPABE5][o.s.u.c.UpdateCenter] The plugin 'csharp' version : 8.51.0.59060 has not been found on the update center.
2024.01.25 14:30:08 INFO  web[AY0yIMJ2KI/CDdMPABE5][o.s.u.c.UpdateCenter] The plugin 'flex' version : 2.8.0.3166 has not been found on the update center.
2024.01.25 14:30:08 INFO  web[AY0yIMJ2KI/CDdMPABE5][o.s.u.c.UpdateCenter] The plugin 'go' version : 1.11.0.3905 has not been found on the update center.
2024.01.25 14:30:08 INFO  web[AY0yIMJ2KI/CDdMPABE5][o.s.u.c.UpdateCenter] The plugin 'iac' version : 1.11.0.2847 has not been found on the update center.
2024.01.25 14:30:08 INFO  web[AY0yIMJ2KI/CDdMPABE5][o.s.u.c.UpdateCenter] The plugin 'jacoco' version : 1.3.0.1538 has not been found on the update center.
2024.01.25 14:30:08 INFO  web[AY0yIMJ2KI/CDdMPABE5][o.s.u.c.UpdateCenter] The plugin 'java' version : 7.16.0.30901 has not been found on the update center.
2024.01.25 14:30:08 INFO  web[AY0yIMJ2KI/CDdMPABE5][o.s.u.c.UpdateCenter] The plugin 'javascript' version : 9.13.0.20537 has not been found on the update center.
2024.01.25 14:30:08 INFO  web[AY0yIMJ2KI/CDdMPABE5][o.s.u.c.UpdateCenter] The plugin 'kotlin' version : 2.12.0.1956 has not been found on the update center.
2024.01.25 14:30:08 INFO  web[AY0yIMJ2KI/CDdMPABE5][o.s.u.c.UpdateCenter] The plugin 'php' version : 3.27.1.9352 has not been found on the update center.
2024.01.25 14:30:08 INFO  web[AY0yIMJ2KI/CDdMPABE5][o.s.u.c.UpdateCenter] The plugin 'python' version : 3.24.0.10784 has not been found on the update center.
2024.01.25 14:30:08 INFO  web[AY0yIMJ2KI/CDdMPABE5][o.s.u.c.UpdateCenter] The plugin 'ruby' version : 1.11.0.3905 has not been found on the update center.
2024.01.25 14:30:08 INFO  web[AY0yIMJ2KI/CDdMPABE5][o.s.u.c.UpdateCenter] The plugin 'sonarscala' version : 1.11.0.3905 has not been found on the update center.
2024.01.25 14:30:08 INFO  web[AY0yIMJ2KI/CDdMPABE5][o.s.u.c.UpdateCenter] The plugin 'text' version : 2.0.1.611 has not been found on the update center.
2024.01.25 14:30:08 INFO  web[AY0yIMJ2KI/CDdMPABE5][o.s.u.c.UpdateCenter] The plugin 'vbnet' version : 8.51.0.59060 has not been found on the update center.
2024.01.25 14:30:08 INFO  web[AY0yIMJ2KI/CDdMPABE5][o.s.u.c.UpdateCenter] The plugin 'web' version : 3.7.1.3306 has not been found on the update center.
2024.01.25 14:30:08 INFO  web[AY0yIMJ2KI/CDdMPABE5][o.s.u.c.UpdateCenter] The plugin 'xml' version : 2.7.0.3820 has not been found on the update center.
2024.01.25 14:30:08 INFO  web[AY0yIMJ2KI/CDdMPABE5][o.s.u.c.UpdateCenter] The plugin 'config' version : 1.2.0.267 has not been found on the update center.
2024.01.25 14:30:08 INFO  web[AY0yIMJ2KI/CDdMPABE5][o.s.u.c.UpdateCenter] The plugin 'csharp' version : 8.51.0.59060 has not been found on the update center.
2024.01.25 14:30:08 INFO  web[AY0yIMJ2KI/CDdMPABE5][o.s.u.c.UpdateCenter] The plugin 'flex' version : 2.8.0.3166 has not been found on the update center.
2024.01.25 14:30:08 INFO  web[AY0yIMJ2KI/CDdMPABE5][o.s.u.c.UpdateCenter] The plugin 'go' version : 1.11.0.3905 has not been found on the update center.
2024.01.25 14:30:08 INFO  web[AY0yIMJ2KI/CDdMPABE5][o.s.u.c.UpdateCenter] The plugin 'iac' version : 1.11.0.2847 has not been found on the update center.
2024.01.25 14:30:08 INFO  web[AY0yIMJ2KI/CDdMPABE5][o.s.u.c.UpdateCenter] The plugin 'jacoco' version : 1.3.0.1538 has not been found on the update center.
2024.01.25 14:30:08 INFO  web[AY0yIMJ2KI/CDdMPABE5][o.s.u.c.UpdateCenter] The plugin 'java' version : 7.16.0.30901 has not been found on the update center.
2024.01.25 14:30:08 INFO  web[AY0yIMJ2KI/CDdMPABE5][o.s.u.c.UpdateCenter] The plugin 'javascript' version : 9.13.0.20537 has not been found on the update center.
2024.01.25 14:30:08 INFO  web[AY0yIMJ2KI/CDdMPABE5][o.s.u.c.UpdateCenter] The plugin 'kotlin' version : 2.12.0.1956 has not been found on the update center.
2024.01.25 14:30:08 INFO  web[AY0yIMJ2KI/CDdMPABE5][o.s.u.c.UpdateCenter] The plugin 'php' version : 3.27.1.9352 has not been found on the update center.
2024.01.25 14:30:08 INFO  web[AY0yIMJ2KI/CDdMPABE5][o.s.u.c.UpdateCenter] The plugin 'python' version : 3.24.0.10784 has not been found on the update center.
2024.01.25 14:30:08 INFO  web[AY0yIMJ2KI/CDdMPABE5][o.s.u.c.UpdateCenter] The plugin 'ruby' version : 1.11.0.3905 has not been found on the update center.
2024.01.25 14:30:08 INFO  web[AY0yIMJ2KI/CDdMPABE5][o.s.u.c.UpdateCenter] The plugin 'sonarscala' version : 1.11.0.3905 has not been found on the update center.
2024.01.25 14:30:08 INFO  web[AY0yIMJ2KI/CDdMPABE5][o.s.u.c.UpdateCenter] The plugin 'text' version : 2.0.1.611 has not been found on the update center.
2024.01.25 14:30:08 INFO  web[AY0yIMJ2KI/CDdMPABE5][o.s.u.c.UpdateCenter] The plugin 'vbnet' version : 8.51.0.59060 has not been found on the update center.
2024.01.25 14:30:08 INFO  web[AY0yIMJ2KI/CDdMPABE5][o.s.u.c.UpdateCenter] The plugin 'web' version : 3.7.1.3306 has not been found on the update center.
2024.01.25 14:30:08 INFO  web[AY0yIMJ2KI/CDdMPABE5][o.s.u.c.UpdateCenter] The plugin 'xml' version : 2.7.0.3820 has not been found on the update center.
2024.01.25 14:30:08 INFO  web[AY0yIMJ2KI/CDdMPABE5][o.s.u.c.UpdateCenter] The plugin 'config' version : 1.2.0.267 has not been found on the update center.
2024.01.25 14:30:08 INFO  web[AY0yIMJ2KI/CDdMPABE5][o.s.u.c.UpdateCenter] The plugin 'csharp' version : 8.51.0.59060 has not been found on the update center.
2024.01.25 14:30:08 INFO  web[AY0yIMJ2KI/CDdMPABE5][o.s.u.c.UpdateCenter] The plugin 'flex' version : 2.8.0.3166 has not been found on the update center.
2024.01.25 14:30:08 INFO  web[AY0yIMJ2KI/CDdMPABE5][o.s.u.c.UpdateCenter] The plugin 'go' version : 1.11.0.3905 has not been found on the update center.
2024.01.25 14:30:08 INFO  web[AY0yIMJ2KI/CDdMPABE5][o.s.u.c.UpdateCenter] The plugin 'iac' version : 1.11.0.2847 has not been found on the update center.
2024.01.25 14:30:08 INFO  web[AY0yIMJ2KI/CDdMPABE5][o.s.u.c.UpdateCenter] The plugin 'jacoco' version : 1.3.0.1538 has not been found on the update center.
2024.01.25 14:30:08 INFO  web[AY0yIMJ2KI/CDdMPABE5][o.s.u.c.UpdateCenter] The plugin 'java' version : 7.16.0.30901 has not been found on the update center.
2024.01.25 14:30:08 INFO  web[AY0yIMJ2KI/CDdMPABE5][o.s.u.c.UpdateCenter] The plugin 'javascript' version : 9.13.0.20537 has not been found on the update center.
2024.01.25 14:30:08 INFO  web[AY0yIMJ2KI/CDdMPABE5][o.s.u.c.UpdateCenter] The plugin 'kotlin' version : 2.12.0.1956 has not been found on the update center.
2024.01.25 14:30:08 INFO  web[AY0yIMJ2KI/CDdMPABE5][o.s.u.c.UpdateCenter] The plugin 'php' version : 3.27.1.9352 has not been found on the update center.
2024.01.25 14:30:08 INFO  web[AY0yIMJ2KI/CDdMPABE5][o.s.u.c.UpdateCenter] The plugin 'python' version : 3.24.0.10784 has not been found on the update center.
2024.01.25 14:30:08 INFO  web[AY0yIMJ2KI/CDdMPABE5][o.s.u.c.UpdateCenter] The plugin 'ruby' version : 1.11.0.3905 has not been found on the update center.
2024.01.25 14:30:08 INFO  web[AY0yIMJ2KI/CDdMPABE5][o.s.u.c.UpdateCenter] The plugin 'sonarscala' version : 1.11.0.3905 has not been found on the update center.
2024.01.25 14:30:08 INFO  web[AY0yIMJ2KI/CDdMPABE5][o.s.u.c.UpdateCenter] The plugin 'text' version : 2.0.1.611 has not been found on the update center.
2024.01.25 14:30:08 INFO  web[AY0yIMJ2KI/CDdMPABE5][o.s.u.c.UpdateCenter] The plugin 'vbnet' version : 8.51.0.59060 has not been found on the update center.
2024.01.25 14:30:08 INFO  web[AY0yIMJ2KI/CDdMPABE5][o.s.u.c.UpdateCenter] The plugin 'web' version : 3.7.1.3306 has not been found on the update center.
2024.01.25 14:30:08 INFO  web[AY0yIMJ2KI/CDdMPABE5][o.s.u.c.UpdateCenter] The plugin 'xml' version : 2.7.0.3820 has not been found on the update center.
2024.01.25 14:30:08 INFO  web[AY0yIMJ2KI/CDdMPABE5][o.s.u.c.UpdateCenter] The plugin 'config' version : 1.2.0.267 has not been found on the update center.
2024.01.25 14:30:08 INFO  web[AY0yIMJ2KI/CDdMPABE5][o.s.u.c.UpdateCenter] The plugin 'csharp' version : 8.51.0.59060 has not been found on the update center.
2024.01.25 14:30:08 INFO  web[AY0yIMJ2KI/CDdMPABE5][o.s.u.c.UpdateCenter] The plugin 'flex' version : 2.8.0.3166 has not been found on the update center.
2024.01.25 14:30:08 INFO  web[AY0yIMJ2KI/CDdMPABE5][o.s.u.c.UpdateCenter] The plugin 'go' version : 1.11.0.3905 has not been found on the update center.
2024.01.25 14:30:08 INFO  web[AY0yIMJ2KI/CDdMPABE5][o.s.u.c.UpdateCenter] The plugin 'iac' version : 1.11.0.2847 has not been found on the update center.
2024.01.25 14:30:08 INFO  web[AY0yIMJ2KI/CDdMPABE5][o.s.u.c.UpdateCenter] The plugin 'jacoco' version : 1.3.0.1538 has not been found on the update center.
2024.01.25 14:30:08 INFO  web[AY0yIMJ2KI/CDdMPABE5][o.s.u.c.UpdateCenter] The plugin 'java' version : 7.16.0.30901 has not been found on the update center.
2024.01.25 14:30:08 INFO  web[AY0yIMJ2KI/CDdMPABE5][o.s.u.c.UpdateCenter] The plugin 'javascript' version : 9.13.0.20537 has not been found on the update center.
2024.01.25 14:30:08 INFO  web[AY0yIMJ2KI/CDdMPABE5][o.s.u.c.UpdateCenter] The plugin 'kotlin' version : 2.12.0.1956 has not been found on the update center.
2024.01.25 14:30:08 INFO  web[AY0yIMJ2KI/CDdMPABE5][o.s.u.c.UpdateCenter] The plugin 'php' version : 3.27.1.9352 has not been found on the update center.
2024.01.25 14:30:08 INFO  web[AY0yIMJ2KI/CDdMPABE5][o.s.u.c.UpdateCenter] The plugin 'python' version : 3.24.0.10784 has not been found on the update center.
2024.01.25 14:30:08 INFO  web[AY0yIMJ2KI/CDdMPABE5][o.s.u.c.UpdateCenter] The plugin 'ruby' version : 1.11.0.3905 has not been found on the update center.
2024.01.25 14:30:08 INFO  web[AY0yIMJ2KI/CDdMPABE5][o.s.u.c.UpdateCenter] The plugin 'sonarscala' version : 1.11.0.3905 has not been found on the update center.
2024.01.25 14:30:08 INFO  web[AY0yIMJ2KI/CDdMPABE5][o.s.u.c.UpdateCenter] The plugin 'text' version : 2.0.1.611 has not been found on the update center.
2024.01.25 14:30:08 INFO  web[AY0yIMJ2KI/CDdMPABE5][o.s.u.c.UpdateCenter] The plugin 'vbnet' version : 8.51.0.59060 has not been found on the update center.
2024.01.25 14:30:08 INFO  web[AY0yIMJ2KI/CDdMPABE5][o.s.u.c.UpdateCenter] The plugin 'web' version : 3.7.1.3306 has not been found on the update center.
2024.01.25 14:30:08 INFO  web[AY0yIMJ2KI/CDdMPABE5][o.s.u.c.UpdateCenter] The plugin 'xml' version : 2.7.0.3820 has not been found on the update center.
2024.01.25 14:30:08 INFO  web[AY0yIMJ2KI/CDdMPABE5][o.s.u.c.UpdateCenter] The plugin 'config' version : 1.2.0.267 has not been found on the update center.
2024.01.25 14:30:08 INFO  web[AY0yIMJ2KI/CDdMPABE5][o.s.u.c.UpdateCenter] The plugin 'csharp' version : 8.51.0.59060 has not been found on the update center.
2024.01.25 14:30:08 INFO  web[AY0yIMJ2KI/CDdMPABE5][o.s.u.c.UpdateCenter] The plugin 'flex' version : 2.8.0.3166 has not been found on the update center.
2024.01.25 14:30:08 INFO  web[AY0yIMJ2KI/CDdMPABE5][o.s.u.c.UpdateCenter] The plugin 'go' version : 1.11.0.3905 has not been found on the update center.
2024.01.25 14:30:08 INFO  web[AY0yIMJ2KI/CDdMPABE5][o.s.u.c.UpdateCenter] The plugin 'iac' version : 1.11.0.2847 has not been found on the update center.
2024.01.25 14:30:08 INFO  web[AY0yIMJ2KI/CDdMPABE5][o.s.u.c.UpdateCenter] The plugin 'jacoco' version : 1.3.0.1538 has not been found on the update center.
2024.01.25 14:30:08 INFO  web[AY0yIMJ2KI/CDdMPABE5][o.s.u.c.UpdateCenter] The plugin 'java' version : 7.16.0.30901 has not been found on the update center.
2024.01.25 14:30:08 INFO  web[AY0yIMJ2KI/CDdMPABE5][o.s.u.c.UpdateCenter] The plugin 'javascript' version : 9.13.0.20537 has not been found on the update center.
2024.01.25 14:30:08 INFO  web[AY0yIMJ2KI/CDdMPABE5][o.s.u.c.UpdateCenter] The plugin 'kotlin' version : 2.12.0.1956 has not been found on the update center.
2024.01.25 14:30:08 INFO  web[AY0yIMJ2KI/CDdMPABE5][o.s.u.c.UpdateCenter] The plugin 'php' version : 3.27.1.9352 has not been found on the update center.
2024.01.25 14:30:08 INFO  web[AY0yIMJ2KI/CDdMPABE5][o.s.u.c.UpdateCenter] The plugin 'python' version : 3.24.0.10784 has not been found on the update center.
2024.01.25 14:30:08 INFO  web[AY0yIMJ2KI/CDdMPABE5][o.s.u.c.UpdateCenter] The plugin 'ruby' version : 1.11.0.3905 has not been found on the update center.
2024.01.25 14:30:08 INFO  web[AY0yIMJ2KI/CDdMPABE5][o.s.u.c.UpdateCenter] The plugin 'sonarscala' version : 1.11.0.3905 has not been found on the update center.
2024.01.25 14:30:08 INFO  web[AY0yIMJ2KI/CDdMPABE5][o.s.u.c.UpdateCenter] The plugin 'text' version : 2.0.1.611 has not been found on the update center.
2024.01.25 14:30:08 INFO  web[AY0yIMJ2KI/CDdMPABE5][o.s.u.c.UpdateCenter] The plugin 'vbnet' version : 8.51.0.59060 has not been found on the update center.
2024.01.25 14:30:08 INFO  web[AY0yIMJ2KI/CDdMPABE5][o.s.u.c.UpdateCenter] The plugin 'web' version : 3.7.1.3306 has not been found on the update center.
2024.01.25 14:30:08 INFO  web[AY0yIMJ2KI/CDdMPABE5][o.s.u.c.UpdateCenter] The plugin 'xml' version : 2.7.0.3820 has not been found on the update center.
2024.01.25 14:30:08 INFO  web[AY0yIMJ2KI/CDdMPABE5][o.s.u.c.UpdateCenter] The plugin 'config' version : 1.2.0.267 has not been found on the update center.
2024.01.25 14:30:08 INFO  web[AY0yIMJ2KI/CDdMPABE5][o.s.u.c.UpdateCenter] The plugin 'csharp' version : 8.51.0.59060 has not been found on the update center.
2024.01.25 14:30:08 INFO  web[AY0yIMJ2KI/CDdMPABE5][o.s.u.c.UpdateCenter] The plugin 'flex' version : 2.8.0.3166 has not been found on the update center.
2024.01.25 14:30:08 INFO  web[AY0yIMJ2KI/CDdMPABE5][o.s.u.c.UpdateCenter] The plugin 'go' version : 1.11.0.3905 has not been found on the update center.
2024.01.25 14:30:08 INFO  web[AY0yIMJ2KI/CDdMPABE5][o.s.u.c.UpdateCenter] The plugin 'iac' version : 1.11.0.2847 has not been found on the update center.
2024.01.25 14:30:08 INFO  web[AY0yIMJ2KI/CDdMPABE5][o.s.u.c.UpdateCenter] The plugin 'jacoco' version : 1.3.0.1538 has not been found on the update center.
2024.01.25 14:30:08 INFO  web[AY0yIMJ2KI/CDdMPABE5][o.s.u.c.UpdateCenter] The plugin 'java' version : 7.16.0.30901 has not been found on the update center.
2024.01.25 14:30:08 INFO  web[AY0yIMJ2KI/CDdMPABE5][o.s.u.c.UpdateCenter] The plugin 'javascript' version : 9.13.0.20537 has not been found on the update center.
2024.01.25 14:30:08 INFO  web[AY0yIMJ2KI/CDdMPABE5][o.s.u.c.UpdateCenter] The plugin 'kotlin' version : 2.12.0.1956 has not been found on the update center.
2024.01.25 14:30:08 INFO  web[AY0yIMJ2KI/CDdMPABE5][o.s.u.c.UpdateCenter] The plugin 'php' version : 3.27.1.9352 has not been found on the update center.
2024.01.25 14:30:08 INFO  web[AY0yIMJ2KI/CDdMPABE5][o.s.u.c.UpdateCenter] The plugin 'python' version : 3.24.0.10784 has not been found on the update center.
2024.01.25 14:30:08 INFO  web[AY0yIMJ2KI/CDdMPABE5][o.s.u.c.UpdateCenter] The plugin 'ruby' version : 1.11.0.3905 has not been found on the update center.
2024.01.25 14:30:08 INFO  web[AY0yIMJ2KI/CDdMPABE5][o.s.u.c.UpdateCenter] The plugin 'sonarscala' version : 1.11.0.3905 has not been found on the update center.
2024.01.25 14:30:08 INFO  web[AY0yIMJ2KI/CDdMPABE5][o.s.u.c.UpdateCenter] The plugin 'text' version : 2.0.1.611 has not been found on the update center.
2024.01.25 14:30:08 INFO  web[AY0yIMJ2KI/CDdMPABE5][o.s.u.c.UpdateCenter] The plugin 'vbnet' version : 8.51.0.59060 has not been found on the update center.
2024.01.25 14:30:08 INFO  web[AY0yIMJ2KI/CDdMPABE5][o.s.u.c.UpdateCenter] The plugin 'web' version : 3.7.1.3306 has not been found on the update center.
2024.01.25 14:30:08 INFO  web[AY0yIMJ2KI/CDdMPABE5][o.s.u.c.UpdateCenter] The plugin 'xml' version : 2.7.0.3820 has not been found on the update center.
